<?xml version="1.0" encoding="UTF-8"?>
<!-- Generated by org.testng.reporters.JUnitXMLReporter -->
<testsuite ignored="0" hostname="GD4XT9C45H" failures="1" tests="1" name="Test" time="1.868" errors="0" timestamp="2024-07-11T21:37:31 PDT">
  <testcase classname="com.rms.automation.grouping.AnalysisGroupingTests" name="execute" time="1.857">
    <failure type="java.lang.Exception" message="Auth api failed to generate token HTTP/1.1 401 Unauthorized with status code401">
      <![CDATA[java.lang.Exception: Auth api failed to generate token HTTP/1.1 401 Unauthorized with status code401
at com.rms.automation.edm.ApiUtil.getSmlToken(ApiUtil.java:67)
at com.rms.automation.edm.ApiUtil.getSmlToken(ApiUtil.java:49)
at com.rms.automation.grouping.AnalysisGroupingTests.runGrouping(AnalysisGroupingTests.java:74)
at com.rms.automation.grouping.AnalysisGroupingTests.execute(AnalysisGroupingTests.java:64)
at java.base/java.util.ArrayList.forEach(ArrayList.java:1541)
at com.rms.automation.Main.main(Main.java:38)
... Removed 24 stack frames]]>
    </failure>
  </testcase> <!-- execute -->
</testsuite> <!-- Test -->
