<?xml version="1.0" encoding="UTF-8"?>
<!-- Generated by org.testng.reporters.JUnitXMLReporter -->
<testsuite ignored="0" hostname="GD4XT9C45H" failures="33" tests="40" name="Test" time="615.578" errors="0" timestamp="2024-01-12T08:54:54 PST">
  <testcase classname="automation.mriImport.MRIImportTests" name="MRIImport" time="105.314"/>
  <testcase classname="automation.batch.BatchTests" name="batchAPI" time="0.001"/>
  <testcase classname="automation.batch.BatchTests" name="batchAPI" time="510.188"/>
  <testcase classname="automation.batch.BatchTests" name="batchAPI" time="0.0"/>
  <testcase classname="automation.batch.BatchTests" name="batchAPI" time="0.0"/>
  <testcase classname="automation.batch.BatchTests" name="batchAPI" time="0.0"/>
  <testcase classname="automation.batch.BatchTests" name="batchAPI" time="0.0"/>
  <testcase classname="automation.batch.BatchTests" name="batchAPI" time="0.0">
    <failure type="java.lang.NullPointerException">
      <![CDATA[java.lang.NullPointerException
at automation.batch.BatchTests.batchAPI(BatchTests.java:33)
at java.base/java.util.ArrayList.forEach(ArrayList.java:1541)
at automation.Main.main(Main.java:25)
... Removed 24 stack frames]]>
    </failure>
  </testcase> <!-- batchAPI -->
  <testcase classname="automation.batch.BatchTests" name="batchAPI" time="0.0">
    <failure type="java.lang.NullPointerException">
      <![CDATA[java.lang.NullPointerException
at automation.batch.BatchTests.batchAPI(BatchTests.java:33)
at java.base/java.util.ArrayList.forEach(ArrayList.java:1541)
at automation.Main.main(Main.java:25)
... Removed 24 stack frames]]>
    </failure>
  </testcase> <!-- batchAPI -->
  <testcase classname="automation.batch.BatchTests" name="batchAPI" time="0.0">
    <failure type="java.lang.NullPointerException">
      <![CDATA[java.lang.NullPointerException
at automation.batch.BatchTests.batchAPI(BatchTests.java:33)
at java.base/java.util.ArrayList.forEach(ArrayList.java:1541)
at automation.Main.main(Main.java:25)
... Removed 24 stack frames]]>
    </failure>
  </testcase> <!-- batchAPI -->
  <testcase classname="automation.batch.BatchTests" name="batchAPI" time="0.0">
    <failure type="java.lang.NullPointerException">
      <![CDATA[java.lang.NullPointerException
at automation.batch.BatchTests.batchAPI(BatchTests.java:33)
at java.base/java.util.ArrayList.forEach(ArrayList.java:1541)
at automation.Main.main(Main.java:25)
... Removed 24 stack frames]]>
    </failure>
  </testcase> <!-- batchAPI -->
  <testcase classname="automation.batch.BatchTests" name="batchAPI" time="0.0">
    <failure type="java.lang.NullPointerException">
      <![CDATA[java.lang.NullPointerException
at automation.batch.BatchTests.batchAPI(BatchTests.java:33)
at java.base/java.util.ArrayList.forEach(ArrayList.java:1541)
at automation.Main.main(Main.java:25)
... Removed 24 stack frames]]>
    </failure>
  </testcase> <!-- batchAPI -->
  <testcase classname="automation.batch.BatchTests" name="batchAPI" time="0.0">
    <failure type="java.lang.NullPointerException">
      <![CDATA[java.lang.NullPointerException
at automation.batch.BatchTests.batchAPI(BatchTests.java:33)
at java.base/java.util.ArrayList.forEach(ArrayList.java:1541)
at automation.Main.main(Main.java:25)
... Removed 24 stack frames]]>
    </failure>
  </testcase> <!-- batchAPI -->
  <testcase classname="automation.batch.BatchTests" name="batchAPI" time="0.0">
    <failure type="java.lang.NullPointerException">
      <![CDATA[java.lang.NullPointerException
at automation.batch.BatchTests.batchAPI(BatchTests.java:33)
at java.base/java.util.ArrayList.forEach(ArrayList.java:1541)
at automation.Main.main(Main.java:25)
... Removed 24 stack frames]]>
    </failure>
  </testcase> <!-- batchAPI -->
  <testcase classname="automation.batch.BatchTests" name="batchAPI" time="0.0">
    <failure type="java.lang.NullPointerException">
      <![CDATA[java.lang.NullPointerException
at automation.batch.BatchTests.batchAPI(BatchTests.java:33)
at java.base/java.util.ArrayList.forEach(ArrayList.java:1541)
at automation.Main.main(Main.java:25)
... Removed 24 stack frames]]>
    </failure>
  </testcase> <!-- batchAPI -->
  <testcase classname="automation.batch.BatchTests" name="batchAPI" time="0.0">
    <failure type="java.lang.NullPointerException">
      <![CDATA[java.lang.NullPointerException
at automation.batch.BatchTests.batchAPI(BatchTests.java:33)
at java.base/java.util.ArrayList.forEach(ArrayList.java:1541)
at automation.Main.main(Main.java:25)
... Removed 24 stack frames]]>
    </failure>
  </testcase> <!-- batchAPI -->
  <testcase classname="automation.batch.BatchTests" name="batchAPI" time="0.001">
    <failure type="java.lang.NullPointerException">
      <![CDATA[java.lang.NullPointerException
at automation.batch.BatchTests.batchAPI(BatchTests.java:33)
at java.base/java.util.ArrayList.forEach(ArrayList.java:1541)
at automation.Main.main(Main.java:25)
... Removed 24 stack frames]]>
    </failure>
  </testcase> <!-- batchAPI -->
  <testcase classname="automation.batch.BatchTests" name="batchAPI" time="0.0">
    <failure type="java.lang.NullPointerException">
      <![CDATA[java.lang.NullPointerException
at automation.batch.BatchTests.batchAPI(BatchTests.java:33)
at java.base/java.util.ArrayList.forEach(ArrayList.java:1541)
at automation.Main.main(Main.java:25)
... Removed 23 stack frames]]>
    </failure>
  </testcase> <!-- batchAPI -->
  <testcase classname="automation.batch.BatchTests" name="batchAPI" time="0.0">
    <failure type="java.lang.NullPointerException">
      <![CDATA[java.lang.NullPointerException
at automation.batch.BatchTests.batchAPI(BatchTests.java:33)
at java.base/java.util.ArrayList.forEach(ArrayList.java:1541)
at automation.Main.main(Main.java:25)
... Removed 23 stack frames]]>
    </failure>
  </testcase> <!-- batchAPI -->
  <testcase classname="automation.batch.BatchTests" name="batchAPI" time="0.0">
    <failure type="java.lang.NullPointerException">
      <![CDATA[java.lang.NullPointerException
at automation.batch.BatchTests.batchAPI(BatchTests.java:33)
at java.base/java.util.ArrayList.forEach(ArrayList.java:1541)
at automation.Main.main(Main.java:25)
... Removed 23 stack frames]]>
    </failure>
  </testcase> <!-- batchAPI -->
  <testcase classname="automation.batch.BatchTests" name="batchAPI" time="0.0">
    <failure type="java.lang.NullPointerException">
      <![CDATA[java.lang.NullPointerException
at automation.batch.BatchTests.batchAPI(BatchTests.java:33)
at java.base/java.util.ArrayList.forEach(ArrayList.java:1541)
at automation.Main.main(Main.java:25)
... Removed 23 stack frames]]>
    </failure>
  </testcase> <!-- batchAPI -->
  <testcase classname="automation.batch.BatchTests" name="batchAPI" time="0.0">
    <failure type="java.lang.NullPointerException">
      <![CDATA[java.lang.NullPointerException
at automation.batch.BatchTests.batchAPI(BatchTests.java:33)
at java.base/java.util.ArrayList.forEach(ArrayList.java:1541)
at automation.Main.main(Main.java:25)
... Removed 23 stack frames]]>
    </failure>
  </testcase> <!-- batchAPI -->
  <testcase classname="automation.batch.BatchTests" name="batchAPI" time="0.001">
    <failure type="java.lang.NullPointerException">
      <![CDATA[java.lang.NullPointerException
at automation.batch.BatchTests.batchAPI(BatchTests.java:33)
at java.base/java.util.ArrayList.forEach(ArrayList.java:1541)
at automation.Main.main(Main.java:25)
... Removed 23 stack frames]]>
    </failure>
  </testcase> <!-- batchAPI -->
  <testcase classname="automation.batch.BatchTests" name="batchAPI" time="0.0">
    <failure type="java.lang.NullPointerException">
      <![CDATA[java.lang.NullPointerException
at automation.batch.BatchTests.batchAPI(BatchTests.java:33)
at java.base/java.util.ArrayList.forEach(ArrayList.java:1541)
at automation.Main.main(Main.java:25)
... Removed 23 stack frames]]>
    </failure>
  </testcase> <!-- batchAPI -->
  <testcase classname="automation.batch.BatchTests" name="batchAPI" time="0.0">
    <failure type="java.lang.NullPointerException">
      <![CDATA[java.lang.NullPointerException
at automation.batch.BatchTests.batchAPI(BatchTests.java:33)
at java.base/java.util.ArrayList.forEach(ArrayList.java:1541)
at automation.Main.main(Main.java:25)
... Removed 23 stack frames]]>
    </failure>
  </testcase> <!-- batchAPI -->
  <testcase classname="automation.batch.BatchTests" name="batchAPI" time="0.0">
    <failure type="java.lang.NullPointerException">
      <![CDATA[java.lang.NullPointerException
at automation.batch.BatchTests.batchAPI(BatchTests.java:33)
at java.base/java.util.ArrayList.forEach(ArrayList.java:1541)
at automation.Main.main(Main.java:25)
... Removed 23 stack frames]]>
    </failure>
  </testcase> <!-- batchAPI -->
  <testcase classname="automation.batch.BatchTests" name="batchAPI" time="0.0">
    <failure type="java.lang.NullPointerException">
      <![CDATA[java.lang.NullPointerException
at automation.batch.BatchTests.batchAPI(BatchTests.java:33)
at java.base/java.util.ArrayList.forEach(ArrayList.java:1541)
at automation.Main.main(Main.java:25)
... Removed 23 stack frames]]>
    </failure>
  </testcase> <!-- batchAPI -->
  <testcase classname="automation.batch.BatchTests" name="batchAPI" time="0.0">
    <failure type="java.lang.NullPointerException">
      <![CDATA[java.lang.NullPointerException
at automation.batch.BatchTests.batchAPI(BatchTests.java:33)
at java.base/java.util.ArrayList.forEach(ArrayList.java:1541)
at automation.Main.main(Main.java:25)
... Removed 23 stack frames]]>
    </failure>
  </testcase> <!-- batchAPI -->
  <testcase classname="automation.batch.BatchTests" name="batchAPI" time="0.0">
    <failure type="java.lang.NullPointerException">
      <![CDATA[java.lang.NullPointerException
at automation.batch.BatchTests.batchAPI(BatchTests.java:33)
at java.base/java.util.ArrayList.forEach(ArrayList.java:1541)
at automation.Main.main(Main.java:25)
... Removed 23 stack frames]]>
    </failure>
  </testcase> <!-- batchAPI -->
  <testcase classname="automation.batch.BatchTests" name="batchAPI" time="0.0">
    <failure type="java.lang.NullPointerException">
      <![CDATA[java.lang.NullPointerException
at automation.batch.BatchTests.batchAPI(BatchTests.java:33)
at java.base/java.util.ArrayList.forEach(ArrayList.java:1541)
at automation.Main.main(Main.java:25)
... Removed 23 stack frames]]>
    </failure>
  </testcase> <!-- batchAPI -->
  <testcase classname="automation.batch.BatchTests" name="batchAPI" time="0.0">
    <failure type="java.lang.NullPointerException">
      <![CDATA[java.lang.NullPointerException
at automation.batch.BatchTests.batchAPI(BatchTests.java:33)
at java.base/java.util.ArrayList.forEach(ArrayList.java:1541)
at automation.Main.main(Main.java:25)
... Removed 23 stack frames]]>
    </failure>
  </testcase> <!-- batchAPI -->
  <testcase classname="automation.batch.BatchTests" name="batchAPI" time="0.0">
    <failure type="java.lang.NullPointerException">
      <![CDATA[java.lang.NullPointerException
at automation.batch.BatchTests.batchAPI(BatchTests.java:33)
at java.base/java.util.ArrayList.forEach(ArrayList.java:1541)
at automation.Main.main(Main.java:25)
... Removed 23 stack frames]]>
    </failure>
  </testcase> <!-- batchAPI -->
  <testcase classname="automation.batch.BatchTests" name="batchAPI" time="0.0">
    <failure type="java.lang.NullPointerException">
      <![CDATA[java.lang.NullPointerException
at automation.batch.BatchTests.batchAPI(BatchTests.java:33)
at java.base/java.util.ArrayList.forEach(ArrayList.java:1541)
at automation.Main.main(Main.java:25)
... Removed 23 stack frames]]>
    </failure>
  </testcase> <!-- batchAPI -->
  <testcase classname="automation.batch.BatchTests" name="batchAPI" time="0.0">
    <failure type="java.lang.NullPointerException">
      <![CDATA[java.lang.NullPointerException
at automation.batch.BatchTests.batchAPI(BatchTests.java:33)
at java.base/java.util.ArrayList.forEach(ArrayList.java:1541)
at automation.Main.main(Main.java:25)
... Removed 23 stack frames]]>
    </failure>
  </testcase> <!-- batchAPI -->
  <testcase classname="automation.batch.BatchTests" name="batchAPI" time="0.0">
    <failure type="java.lang.NullPointerException">
      <![CDATA[java.lang.NullPointerException
at automation.batch.BatchTests.batchAPI(BatchTests.java:33)
at java.base/java.util.ArrayList.forEach(ArrayList.java:1541)
at automation.Main.main(Main.java:25)
... Removed 23 stack frames]]>
    </failure>
  </testcase> <!-- batchAPI -->
  <testcase classname="automation.batch.BatchTests" name="batchAPI" time="0.0">
    <failure type="java.lang.NullPointerException">
      <![CDATA[java.lang.NullPointerException
at automation.batch.BatchTests.batchAPI(BatchTests.java:33)
at java.base/java.util.ArrayList.forEach(ArrayList.java:1541)
at automation.Main.main(Main.java:25)
... Removed 23 stack frames]]>
    </failure>
  </testcase> <!-- batchAPI -->
  <testcase classname="automation.batch.BatchTests" name="batchAPI" time="0.001">
    <failure type="java.lang.NullPointerException">
      <![CDATA[java.lang.NullPointerException
at automation.batch.BatchTests.batchAPI(BatchTests.java:33)
at java.base/java.util.ArrayList.forEach(ArrayList.java:1541)
at automation.Main.main(Main.java:25)
... Removed 23 stack frames]]>
    </failure>
  </testcase> <!-- batchAPI -->
  <testcase classname="automation.batch.BatchTests" name="batchAPI" time="0.0">
    <failure type="java.lang.NullPointerException">
      <![CDATA[java.lang.NullPointerException
at automation.batch.BatchTests.batchAPI(BatchTests.java:33)
at java.base/java.util.ArrayList.forEach(ArrayList.java:1541)
at automation.Main.main(Main.java:25)
... Removed 23 stack frames]]>
    </failure>
  </testcase> <!-- batchAPI -->
  <testcase classname="automation.batch.BatchTests" name="batchAPI" time="0.0">
    <failure type="java.lang.NullPointerException">
      <![CDATA[java.lang.NullPointerException
at automation.batch.BatchTests.batchAPI(BatchTests.java:33)
at java.base/java.util.ArrayList.forEach(ArrayList.java:1541)
at automation.Main.main(Main.java:25)
... Removed 23 stack frames]]>
    </failure>
  </testcase> <!-- batchAPI -->
  <testcase classname="automation.batch.BatchTests" name="batchAPI" time="0.0">
    <failure type="java.lang.NullPointerException">
      <![CDATA[java.lang.NullPointerException
at automation.batch.BatchTests.batchAPI(BatchTests.java:33)
at java.base/java.util.ArrayList.forEach(ArrayList.java:1541)
at automation.Main.main(Main.java:25)
... Removed 23 stack frames]]>
    </failure>
  </testcase> <!-- batchAPI -->
</testsuite> <!-- Test -->
