<?xml version="1.0" encoding="UTF-8"?>
<testng-results ignored="0" total="1" passed="0" failed="0" skipped="1">
  <reporter-output>
  </reporter-output>
  <suite started-at="2023-12-10T22:40:31 PST" name="Suite" finished-at="2023-12-10T22:40:31 PST" duration-ms="21">
    <groups>
    </groups>
    <test started-at="2023-12-10T22:40:31 PST" name="Test" finished-at="2023-12-10T22:40:31 PST" duration-ms="21">
      <class name="automation.batch.BatchTests">
        <test-method signature="batchAPI(java.util.Map)[pri:0, instance:automation.batch.BatchTests@7a1ebcd8]" started-at="2023-12-10T22:40:31 PST" name="batchAPI" data-provider="loadFromCSV" finished-at="2023-12-10T22:40:31 PST" duration-ms="0" status="SKIP">
          <exception class="java.lang.RuntimeException">
            <message>
              <![CDATA[java.lang.ExceptionInInitializerError]]>
            </message>
            <full-stacktrace>
              <![CDATA[java.lang.RuntimeException: java.lang.ExceptionInInitializerError
at org.testng.internal.invokers.MethodInvocationHelper.invokeMethodNoCheckedException(MethodInvocationHelper.java:57)
at org.testng.internal.invokers.MethodInvocationHelper.invokeDataProvider(MethodInvocationHelper.java:157)
at org.testng.internal.Parameters.handleParameters(Parameters.java:803)
at org.testng.internal.Parameters.handleParameters(Parameters.java:728)
at org.testng.internal.invokers.ParameterHandler.handleParameters(ParameterHandler.java:72)
at org.testng.internal.invokers.ParameterHandler.createParameters(ParameterHandler.java:51)
at org.testng.internal.invokers.TestInvoker$MethodInvocationAgent.invoke(TestInvoker.java:924)
at org.testng.internal.invokers.TestInvoker.invokeTestMethods(TestInvoker.java:194)
at org.testng.internal.invokers.TestMethodWorker.invokeTestMethods(TestMethodWorker.java:148)
at org.testng.internal.invokers.TestMethodWorker.run(TestMethodWorker.java:128)
at java.base/java.util.ArrayList.forEach(ArrayList.java:1596)
at org.testng.TestRunner.privateRun(TestRunner.java:829)
at org.testng.TestRunner.run(TestRunner.java:602)
at org.testng.SuiteRunner.runTest(SuiteRunner.java:437)
at org.testng.SuiteRunner.runSequentially(SuiteRunner.java:431)
at org.testng.SuiteRunner.privateRun(SuiteRunner.java:391)
at org.testng.SuiteRunner.run(SuiteRunner.java:330)
at org.testng.SuiteRunnerWorker.runSuite(SuiteRunnerWorker.java:52)
at org.testng.SuiteRunnerWorker.run(SuiteRunnerWorker.java:95)
at org.testng.TestNG.runSuitesSequentially(TestNG.java:1256)
at org.testng.TestNG.runSuitesLocally(TestNG.java:1176)
at org.testng.TestNG.runSuites(TestNG.java:1099)
at org.testng.TestNG.run(TestNG.java:1067)
at automation.Main.main(Main.java:25)
Caused by: java.lang.ExceptionInInitializerError
at automation.batch.BatchTests.provider(BatchTests.java:23)
at java.base/jdk.internal.reflect.DirectMethodHandleAccessor.invoke(DirectMethodHandleAccessor.java:103)
at java.base/java.lang.reflect.Method.invoke(Method.java:580)
at org.testng.internal.invokers.MethodInvocationHelper.invokeMethod(MethodInvocationHelper.java:139)
at org.testng.internal.invokers.MethodInvocationHelper.invokeMethod(MethodInvocationHelper.java:84)
at org.testng.internal.invokers.MethodInvocationHelper.invokeMethodNoCheckedException(MethodInvocationHelper.java:53)
... 23 more
Caused by: java.lang.NullPointerException
at java.base/java.io.FileInputStream.<init>(FileInputStream.java:144)
at java.base/java.io.FileInputStream.<init>(FileInputStream.java:106)
at java.base/java.io.FileReader.<init>(FileReader.java:60)
at automation.edm.LoadData.readConfig(LoadData.java:32)
at automation.edm.LoadData.<clinit>(LoadData.java:22)
... 29 more
]]>
            </full-stacktrace>
          </exception> <!-- java.lang.RuntimeException -->
          <reporter-output>
          </reporter-output>
        </test-method> <!-- batchAPI -->
      </class> <!-- automation.batch.BatchTests -->
    </test> <!-- Test -->
  </suite> <!-- Suite -->
</testng-results>
