<?xml version="1.0" encoding="UTF-8"?>
<testng-results ignored="0" total="311" passed="311" failed="0" skipped="0">
  <reporter-output>
  </reporter-output>
  <suite started-at="2024-03-03T09:02:40 PST" name="Suite" finished-at="2024-03-03T09:02:40 PST" duration-ms="119">
    <groups>
    </groups>
    <test started-at="2024-03-03T09:02:40 PST" name="Test" finished-at="2024-03-03T09:02:40 PST" duration-ms="119">
      <class name="automation.merge.SingleInputClass">
        <test-method signature="executeSingleInputCsv(java.util.Map)[pri:0, instance:automation.merge.SingleInputClass@6e20b53a]" started-at="2024-03-03T09:02:40 PST" name="executeSingleInputCsv" data-provider="loadFromCSV" finished-at="2024-03-03T09:02:40 PST" duration-ms="1" status="PASS">
          <params>
            <param index="0">
              <value>
                <![CDATA[{fileExt=BAK, mfId5=520, mfId4=303, property2=, property1=TR, property4=, property3=, property0=TR, modelRegion0=NAWF, modelRegion2=USFL, modelRegion1=NZEQ, modelRegion4=EUCS, modelRegion3=EUWS, gmpeCode0=, gmpeCode1=-1:-1, modelRegion5=ZZTR, gmpeCode2=, gmpeCode3=, gmpeCode4=, ifDefaultMapping=TRUE, gmpeCode5=, mfId3=1333, mfId2=1420, mfId1=3410, mfId0=51, excludePostalCodes2=, excludePostalCodes1=, excludePostalCodes4=, excludePostalCodes3=, excludePostalCodes5=NO, engine1=ModelEngine, insuranceType1=Property, analysisMode1=Simulated, ignoreContractDates5=YES, engine0=ModelEngine, insuranceType0=Property, analysisMode2=Simulated, insuranceType3=Property, analysisMode0=Simulated, insuranceType2=Property, ignoreContractDates1=YES, analysisMode5=Simulated, ignoreContractDates2=YES, ignoreContractDates3=YES, analysisMode3=Simulated, ignoreContractDates4=YES, analysisMode4=Simulated, defenceOn3=, defenceOn4=, defenceOn5=, ignoreContractDates0=YES, engine5=ModelEngine, defenceOn0=, engine4=ModelEngine, importCurrency=, defenceOn1=, engine3=ModelEngine, engine2=ModelEngine, defenceOn2=YES, ifCreateEdm=, ifCreateModelProfile=NO, excludePostalCodes0=, edmDatasourceName=Testing_EDM_E2E, numberOfSamples0=1, portfolioId1=4, portfolioId2=8, portfolioId0=9, numberOfSamples4=1, numberOfSamples3=1, numberOfSamples2=1, numberOfSamples1=1, numberOfSamples5=1, mappingFileName=Map1.mff, portfolioNumber=12345, policyCoverages0=, policyCoverages3=windstorm,flood, portfolioId5=17, policyCoverages4=, policyCoverages1=, portfolioId3=15, policyCoverages2=, portfolioId4=16, fileFormat=, policyCoverages5=, subPeril2=FL, subPeril3=, subPeril0=FR,SM, subPeril1=, subPeril4=, subPeril5=, scaleExposureValues5=, scaleExposureValues4=, scaleExposureValues3=, petDataVersion2=DEFAULT, petDataVersion1=TD, petDataVersion0=DEFAULT, petDataVersion5=CS, petDataVersion4=DEFAULT, petDataVersion3=DEFAULT, numberOfPeriods1=1978459, numberOfPeriods0=50000, policyPerRisk1=proportional, policyPerRisk0=proportional, accntFilePath=/Users/Nikita.Arora/Documents/UploadEdmPoc/From Kishore/MRI_ACCNT.txt, scaleExposureValues2=, insuranceType5=Property, scaleExposureValues1=, insuranceType4=Property, scaleExposureValues0=, unknownForPrimaryCharacteristics3=, alternateVulnCode5=, alternateVulnCode4=0, unknownForPrimaryCharacteristics4=, unknownForPrimaryCharacteristics1=, unknownForPrimaryCharacteristics2=, alternateVulnCode1=0, policyPerRisk5=proportional, alternateVulnCode0=0, unknownForPrimaryCharacteristics0=, policyPerRisk4=proportional, alternateVulnCode3=, policyPerRisk3=proportional, alternateVulnCode2=0, policyPerRisk2=proportional, description4=, description5=, description2=, description3=, description0=, description1=, secondaryPerils5=, sysJobIdEdmUpload=, secondaryPerils3=, secondaryPerils4=, secondaryPerils1=landslide,liquefaction, numberOfPeriods5=2116098, secondaryPerils2=, numberOfPeriods4=50000, numberOfPeriods3=50000, secondaryPerils0=, numberOfPeriods2=50000, petName0=RMS V1.0 Default Rates - US+CAN, petName1=RMS 2020 Time-Dependent Rates, locationPerRisk2=allocated, dbType=EDM, locationPerRisk1=allocated, locationPerRisk0=allocated, petName2=RMS 2011 Historical Event Rates (Default), petName3=RMS HDv1.0 Stochastic Event Set (Default), locationPerRisk5=allocated, petName4=RMS V1.0 Default Rates, locationPerRisk4=allocated, locationPerRisk3=allocated, petName5=RMS Standard Risk Outlook (with swarm attacks), vulnerabilitySetId3=1, region0=NAWF, region1=, region2=, endYear4=2025, region3=, endYear5=2025, endYear2=2025, endYear3=2025, endYear0=2025, endYear1=2029, accntFileName=MRI_ACCNT.txt, analysisType1=EP, analysisType0=EP, analysisType3=EP, portfolioName=Port_12345, analysisType2=EP, analysisType5=EP, analysisType4=EP, dynamicAutomobileModeling5=, dynamicAutomobileModeling3=, dynamicAutomobileModeling4=NO, dynamicAutomobileModeling1=, dynamicAutomobileModeling2=, dynamicAutomobileModeling0=, applyPLA4=, applyPLA3=YES, ifUploadImportExpo=Upload, LabelRegion4=Europe, LabelRegion5=Global, applyPLA5=, applyPLA0=TRUE, LabelRegion2=United States, LabelRegion3=Europe, LabelRegion0=North America, applyPLA2=YES, LabelRegion1=New Zealand, applyPLA1=YES, subRegions3=Austria,Belgium,Czech Republic,Denmark,France,Germany,Ireland,Luxembourg,Netherlands,Norway,Offshore Northern Europe,Poland,Slovakia,Sweden,Switzerland,Finland,Liechtenstein,United Kingdom, subRegions4=Austria,Belgium,Czech Republic,Denmark,France,Germany,Ireland,Italy,Liechtenstein,Luxembourg,Netherlands,Norway,Poland,Slovakia,Sweden,Switzerland,United Kingdom, subRegions5=Belgium,Canada, subRegions0=Canada, subRegions1=New Zealand, unknownForPrimaryCharacteristics5=, subRegions2=United States, coverage4=, coverage5=, coverage2=, locFileName=MRI_LOC.txt, coverage3=, coverage0=YES, coverage1=YES, vendor4=, vendor5=, vendor2=, vendor3=, vendor0=RMS, vendor1=RMS, fireOnly0=, fireOnly1=, caseNo=A001_E2E_USFL, fire4=, fire5=, eventRateSchemeId1=138, fire2=, eventRateSchemeId0=0, fire3=, fire0=, run1dOnly5=, fire1=NO, run1dOnly4=, run1dOnly3=, run1dOnly2=NO, run1dOnly1=, run1dOnly0=, fireOnly2=, eventRateSchemeId3=0, region4=, eventRateSchemeId2=49, fireOnly3=, region5=, fireOnly4=, eventRateSchemeId5=0, eventRateSchemeId4=0, fireOnly5=NO, edmFilePath=/Users/Nikita.Arora/Documents/UploadEdmPoc/EDM, subPerils2=flood, subPerils1=tsunami,shake,fire,smoke, subPerils0=fire,smoke, perilOverride4=, perilOverride5=TR, perilOverride0=, gmpeName3=, perilOverride1=, gmpeName2=, perilOverride2=, gmpeName5=, perilOverride3=, gmpeName4=, gmpeName1=GNS 2022 model, gmpeName0=, optServerName=databridge-1, isGeoCoded0=NO, includePluvial3=, startYear0=2020, isGeoCoded1=NO, includePluvial4=, startYear1=2020, isGeoCoded2=NO, includePluvial5=, startYear2=2020, isGeoCoded3=NO, startYear3=2020, isGeoCoded4=NO, includePluvial0=, startYear4=2020, isGeoCoded5=NO, includePluvial1=, startYear5=2020, includePluvial2=YES, mappingFilePath=/Users/Nikita.Arora/Documents/UploadEdmPoc/From Kishore/Map1.mff, sysJobIdMriImport=, peril3=Windstorm, specialtyModels4=, peril2=Flood, specialtyModels5=, peril1=Earthquake, peril0=Wildfire, specialtyModels0=NO, specialtyModels1=, specialtyModels2=, peril5=Terrorism, specialtyModels3=, peril4=Severe Convective Storm, ifRun=NO, importDescrp=desc_port_12345, optShareGroup=, locFilePath=/Users/Nikita.Arora/Documents/UploadEdmPoc/From Kishore/MRI_LOC.txt, property5=, includeBespokeDefence4=, includeBespokeDefence3=, version4=HDv1.0, version5=HDv1.0, includeBespokeDefence5=, includeBespokeDefence0=, version2=HDv1.2, version3=HDv1.0, version0=HDv1.0, includeBespokeDefence2=NO, version1=HDv3.0, includeBespokeDefence1=, subPerils5=Nuclear Bomb,Sabotage - Industrial Plant (vapor release),Chemical - Sarin Gas,Biological - Smallpox, subPerils4=hail,straightLineWind,tornado, edmFileName=Testing_EDM_E2E.BAK, subPerils3=wind,coastalFlood, optEdmDatabaseStorage=DataBridge}]]>
              </value>
            </param>
          </params>
          <reporter-output>
          </reporter-output>
        </test-method> <!-- executeSingleInputCsv -->
        <test-method signature="executeSingleInputCsv(java.util.Map)[pri:0, instance:automation.merge.SingleInputClass@6e20b53a]" started-at="2024-03-03T09:02:40 PST" name="executeSingleInputCsv" data-provider="loadFromCSV" finished-at="2024-03-03T09:02:40 PST" duration-ms="0" status="PASS">
          <params>
            <param index="0">
              <value>
                <![CDATA[{fileExt=BAK, mfId5=520, mfId4=303, property2=, property1=TR, property4=, property3=, property0=TR, modelRegion0=NAWF, modelRegion2=USFL, modelRegion1=NZEQ, modelRegion4=EUCS, modelRegion3=EUWS, gmpeCode0=, gmpeCode1=-1:-1, modelRegion5=ZZTR, gmpeCode2=, gmpeCode3=, gmpeCode4=, ifDefaultMapping=TRUE, gmpeCode5=, mfId3=1333, mfId2=1420, mfId1=3410, mfId0=51, excludePostalCodes2=, excludePostalCodes1=, excludePostalCodes4=, excludePostalCodes3=, excludePostalCodes5=NO, engine1=ModelEngine, insuranceType1=Property, analysisMode1=Simulated, ignoreContractDates5=YES, engine0=ModelEngine, insuranceType0=Property, analysisMode2=Simulated, insuranceType3=Property, analysisMode0=Simulated, insuranceType2=Property, ignoreContractDates1=YES, analysisMode5=Simulated, ignoreContractDates2=YES, ignoreContractDates3=YES, analysisMode3=Simulated, ignoreContractDates4=YES, analysisMode4=Simulated, defenceOn3=, defenceOn4=, defenceOn5=, ignoreContractDates0=YES, engine5=ModelEngine, defenceOn0=, engine4=ModelEngine, importCurrency=, defenceOn1=, engine3=ModelEngine, engine2=ModelEngine, defenceOn2=YES, ifCreateEdm=NO, ifCreateModelProfile=NO, excludePostalCodes0=, edmDatasourceName=EDM220_RM21_INTG_ZZTR_23, numberOfSamples0=1, portfolioId1=4, portfolioId2=8, portfolioId0=9, numberOfSamples4=1, numberOfSamples3=1, numberOfSamples2=1, numberOfSamples1=1, numberOfSamples5=1, mappingFileName=Mapping.mff, portfolioNumber=12345, policyCoverages0=, policyCoverages3=windstorm,flood, portfolioId5=17, policyCoverages4=, policyCoverages1=, portfolioId3=15, policyCoverages2=, portfolioId4=16, fileFormat=, policyCoverages5=, subPeril2=FL, subPeril3=, subPeril0=FR,SM, subPeril1=, subPeril4=, subPeril5=, scaleExposureValues5=, scaleExposureValues4=, scaleExposureValues3=, petDataVersion2=DEFAULT, petDataVersion1=TD, petDataVersion0=DEFAULT, petDataVersion5=CS, petDataVersion4=DEFAULT, petDataVersion3=DEFAULT, numberOfPeriods1=1978459, numberOfPeriods0=50000, policyPerRisk1=proportional, policyPerRisk0=proportional, accntFilePath=/Users/Nikita.Arora/Documents/UploadEdmPoc/MRI_Import/accexp_RMS.txt, scaleExposureValues2=, insuranceType5=Property, scaleExposureValues1=, insuranceType4=Property, scaleExposureValues0=, unknownForPrimaryCharacteristics3=, alternateVulnCode5=, alternateVulnCode4=0, unknownForPrimaryCharacteristics4=, unknownForPrimaryCharacteristics1=, unknownForPrimaryCharacteristics2=, alternateVulnCode1=0, policyPerRisk5=proportional, alternateVulnCode0=0, unknownForPrimaryCharacteristics0=, policyPerRisk4=proportional, alternateVulnCode3=, policyPerRisk3=proportional, alternateVulnCode2=0, policyPerRisk2=proportional, description4=, description5=, description2=, description3=, description0=, description1=, secondaryPerils5=, sysJobIdEdmUpload=, secondaryPerils3=, secondaryPerils4=, secondaryPerils1=landslide,liquefaction, numberOfPeriods5=2116098, secondaryPerils2=, numberOfPeriods4=50000, numberOfPeriods3=50000, secondaryPerils0=, numberOfPeriods2=50000, petName0=RMS V1.0 Default Rates - US+CAN, petName1=RMS 2020 Time-Dependent Rates, locationPerRisk2=allocated, dbType=EDM, locationPerRisk1=allocated, locationPerRisk0=allocated, petName2=RMS 2011 Historical Event Rates (Default), petName3=RMS HDv1.0 Stochastic Event Set (Default), locationPerRisk5=allocated, petName4=RMS V1.0 Default Rates, locationPerRisk4=allocated, locationPerRisk3=allocated, petName5=RMS Standard Risk Outlook (with swarm attacks), vulnerabilitySetId3=1, region0=NAWF, region1=, region2=, endYear4=2025, region3=, endYear5=2025, endYear2=2025, endYear3=2025, endYear0=2025, endYear1=2029, accntFileName=accexp_RMS.txt, analysisType1=EP, analysisType0=EP, analysisType3=EP, portfolioName=EUWS_Demo, analysisType2=EP, analysisType5=EP, analysisType4=EP, dynamicAutomobileModeling5=, dynamicAutomobileModeling3=, dynamicAutomobileModeling4=NO, dynamicAutomobileModeling1=, dynamicAutomobileModeling2=, dynamicAutomobileModeling0=, applyPLA4=, applyPLA3=YES, ifUploadImportExpo=Import, LabelRegion4=Europe, LabelRegion5=Global, applyPLA5=, applyPLA0=TRUE, LabelRegion2=United States, LabelRegion3=Europe, LabelRegion0=North America, applyPLA2=YES, LabelRegion1=New Zealand, applyPLA1=YES, subRegions3=Austria,Belgium,Czech Republic,Denmark,France,Germany,Ireland,Luxembourg,Netherlands,Norway,Offshore Northern Europe,Poland,Slovakia,Sweden,Switzerland,Finland,Liechtenstein,United Kingdom, subRegions4=Austria,Belgium,Czech Republic,Denmark,France,Germany,Ireland,Italy,Liechtenstein,Luxembourg,Netherlands,Norway,Poland,Slovakia,Sweden,Switzerland,United Kingdom, subRegions5=Belgium,Canada, subRegions0=Canada, subRegions1=New Zealand, unknownForPrimaryCharacteristics5=, subRegions2=United States, coverage4=, coverage5=, coverage2=, locFileName=locexp_RMS.txt, coverage3=, coverage0=YES, coverage1=YES, vendor4=, vendor5=, vendor2=, vendor3=, vendor0=RMS, vendor1=RMS, fireOnly0=, fireOnly1=, caseNo=A002_SMOKE_NAWF, fire4=, fire5=, eventRateSchemeId1=138, fire2=, eventRateSchemeId0=0, fire3=, fire0=, run1dOnly5=, fire1=NO, run1dOnly4=, run1dOnly3=, run1dOnly2=NO, run1dOnly1=, run1dOnly0=, fireOnly2=, eventRateSchemeId3=0, region4=, eventRateSchemeId2=49, fireOnly3=, region5=, fireOnly4=, eventRateSchemeId5=0, eventRateSchemeId4=0, fireOnly5=NO, edmFilePath=/Users/Nikita.Arora/Documents/UploadEdmPoc, subPerils2=flood, subPerils1=tsunami,shake,fire,smoke, subPerils0=fire,smoke, perilOverride4=, perilOverride5=TR, perilOverride0=, gmpeName3=, perilOverride1=, gmpeName2=, perilOverride2=, gmpeName5=, perilOverride3=, gmpeName4=, gmpeName1=GNS 2022 model, gmpeName0=, optServerName=databridge-1, isGeoCoded0=NO, includePluvial3=, startYear0=2020, isGeoCoded1=NO, includePluvial4=, startYear1=2020, isGeoCoded2=NO, includePluvial5=, startYear2=2020, isGeoCoded3=NO, startYear3=2020, isGeoCoded4=NO, includePluvial0=, startYear4=2020, isGeoCoded5=NO, includePluvial1=, startYear5=2020, includePluvial2=YES, mappingFilePath=/Users/Nikita.Arora/Documents/UploadEdmPoc/MRI_Import/Mapping.mff, sysJobIdMriImport=, peril3=Windstorm, specialtyModels4=, peril2=Flood, specialtyModels5=, peril1=Earthquake, peril0=Wildfire, specialtyModels0=NO, specialtyModels1=, specialtyModels2=, peril5=Terrorism, specialtyModels3=, peril4=Severe Convective Storm, ifRun=YES, importDescrp=desc_port_12345, optShareGroup=Cat Modeler, locFilePath=/Users/Nikita.Arora/Documents/UploadEdmPoc/MRI_Import/locexp_RMS.txt, property5=, includeBespokeDefence4=, includeBespokeDefence3=, version4=HDv1.0, version5=HDv1.0, includeBespokeDefence5=, includeBespokeDefence0=, version2=HDv1.2, version3=HDv1.0, version0=HDv1.0, includeBespokeDefence2=NO, version1=HDv3.0, includeBespokeDefence1=, subPerils5=Nuclear Bomb,Sabotage - Industrial Plant (vapor release),Chemical - Sarin Gas,Biological - Smallpox, subPerils4=hail,straightLineWind,tornado, edmFileName=EDM220_RM21_INTG_ZZTR_23.bak, subPerils3=wind,coastalFlood, optEdmDatabaseStorage=DataBridge}]]>
              </value>
            </param>
          </params>
          <reporter-output>
          </reporter-output>
        </test-method> <!-- executeSingleInputCsv -->
        <test-method signature="executeSingleInputCsv(java.util.Map)[pri:0, instance:automation.merge.SingleInputClass@6e20b53a]" started-at="2024-03-03T09:02:40 PST" name="executeSingleInputCsv" data-provider="loadFromCSV" finished-at="2024-03-03T09:02:40 PST" duration-ms="0" status="PASS">
          <params>
            <param index="0">
              <value>
                <![CDATA[{fileExt=, mfId5=, mfId4=, property2=, property1=, property4=, property3=, property0=, modelRegion0=, modelRegion2=, modelRegion1=, modelRegion4=, modelRegion3=, gmpeCode0=, gmpeCode1=, modelRegion5=, gmpeCode2=, gmpeCode3=, gmpeCode4=, ifDefaultMapping=, gmpeCode5=, mfId3=, mfId2=, mfId1=, mfId0=, excludePostalCodes2=, excludePostalCodes1=, excludePostalCodes4=, excludePostalCodes3=, excludePostalCodes5=, engine1=, insuranceType1=, analysisMode1=, ignoreContractDates5=, engine0=, insuranceType0=, analysisMode2=, insuranceType3=, analysisMode0=, insuranceType2=, ignoreContractDates1=, analysisMode5=, ignoreContractDates2=, ignoreContractDates3=, analysisMode3=, ignoreContractDates4=, analysisMode4=, defenceOn3=, defenceOn4=, defenceOn5=, ignoreContractDates0=, engine5=, defenceOn0=, engine4=, importCurrency=, defenceOn1=, engine3=, engine2=, defenceOn2=, ifCreateEdm=, ifCreateModelProfile=, excludePostalCodes0=, edmDatasourceName=, numberOfSamples0=, portfolioId1=, portfolioId2=, portfolioId0=, numberOfSamples4=, numberOfSamples3=, numberOfSamples2=, numberOfSamples1=, numberOfSamples5=, mappingFileName=, portfolioNumber=, policyCoverages0=, policyCoverages3=, portfolioId5=, policyCoverages4=, policyCoverages1=, portfolioId3=, policyCoverages2=, portfolioId4=, fileFormat=, policyCoverages5=, subPeril2=, subPeril3=, subPeril0=, subPeril1=, subPeril4=, subPeril5=, scaleExposureValues5=, scaleExposureValues4=, scaleExposureValues3=, petDataVersion2=, petDataVersion1=, petDataVersion0=, petDataVersion5=, petDataVersion4=, petDataVersion3=, numberOfPeriods1=, numberOfPeriods0=, policyPerRisk1=, policyPerRisk0=, accntFilePath=, scaleExposureValues2=, insuranceType5=, scaleExposureValues1=, insuranceType4=, scaleExposureValues0=, unknownForPrimaryCharacteristics3=, alternateVulnCode5=, alternateVulnCode4=, unknownForPrimaryCharacteristics4=, unknownForPrimaryCharacteristics1=, unknownForPrimaryCharacteristics2=, alternateVulnCode1=, policyPerRisk5=, alternateVulnCode0=, unknownForPrimaryCharacteristics0=, policyPerRisk4=, alternateVulnCode3=, policyPerRisk3=, alternateVulnCode2=, policyPerRisk2=, description4=, description5=, description2=, description3=, description0=, description1=, secondaryPerils5=, sysJobIdEdmUpload=, secondaryPerils3=, secondaryPerils4=, secondaryPerils1=, numberOfPeriods5=, secondaryPerils2=, numberOfPeriods4=, numberOfPeriods3=, secondaryPerils0=, numberOfPeriods2=, petName0=, petName1=, locationPerRisk2=, dbType=, locationPerRisk1=, locationPerRisk0=, petName2=, petName3=, locationPerRisk5=, petName4=, locationPerRisk4=, locationPerRisk3=, petName5=, vulnerabilitySetId3=, region0=, region1=, region2=, endYear4=, region3=, endYear5=, endYear2=, endYear3=, endYear0=, endYear1=, accntFileName=, analysisType1=, analysisType0=, analysisType3=, portfolioName=, analysisType2=, analysisType5=, analysisType4=, dynamicAutomobileModeling5=, dynamicAutomobileModeling3=, dynamicAutomobileModeling4=, dynamicAutomobileModeling1=, dynamicAutomobileModeling2=, dynamicAutomobileModeling0=, applyPLA4=, applyPLA3=, ifUploadImportExpo=, LabelRegion4=, LabelRegion5=, applyPLA5=, applyPLA0=, LabelRegion2=, LabelRegion3=, LabelRegion0=, applyPLA2=, LabelRegion1=, applyPLA1=, subRegions3=, subRegions4=, subRegions5=, subRegions0=, subRegions1=, unknownForPrimaryCharacteristics5=, subRegions2=, coverage4=, coverage5=, coverage2=, locFileName=, coverage3=, coverage0=, coverage1=, vendor4=, vendor5=, vendor2=, vendor3=, vendor0=, vendor1=, fireOnly0=, fireOnly1=, caseNo=, fire4=, fire5=, eventRateSchemeId1=, fire2=, eventRateSchemeId0=, fire3=, fire0=, run1dOnly5=, fire1=, run1dOnly4=, run1dOnly3=, run1dOnly2=, run1dOnly1=, run1dOnly0=, fireOnly2=, eventRateSchemeId3=, region4=, eventRateSchemeId2=, fireOnly3=, region5=, fireOnly4=, eventRateSchemeId5=, eventRateSchemeId4=, fireOnly5=, edmFilePath=, subPerils2=, subPerils1=, subPerils0=, perilOverride4=, perilOverride5=, perilOverride0=, gmpeName3=, perilOverride1=, gmpeName2=, perilOverride2=, gmpeName5=, perilOverride3=, gmpeName4=, gmpeName1=, gmpeName0=, optServerName=, isGeoCoded0=, includePluvial3=, startYear0=, isGeoCoded1=, includePluvial4=, startYear1=, isGeoCoded2=, includePluvial5=, startYear2=, isGeoCoded3=, startYear3=, isGeoCoded4=, includePluvial0=, startYear4=, isGeoCoded5=, includePluvial1=, startYear5=, includePluvial2=, mappingFilePath=, sysJobIdMriImport=, peril3=, specialtyModels4=, peril2=, specialtyModels5=, peril1=, peril0=, specialtyModels0=, specialtyModels1=, specialtyModels2=, peril5=, specialtyModels3=, peril4=, ifRun=, importDescrp=, optShareGroup=, locFilePath=, property5=, includeBespokeDefence4=, includeBespokeDefence3=, version4=, version5=, includeBespokeDefence5=, includeBespokeDefence0=, version2=, version3=, version0=, includeBespokeDefence2=, version1=, includeBespokeDefence1=, subPerils5=, subPerils4=, edmFileName=, subPerils3=, optEdmDatabaseStorage=}]]>
              </value>
            </param>
          </params>
          <reporter-output>
          </reporter-output>
        </test-method> <!-- executeSingleInputCsv -->
        <test-method signature="executeSingleInputCsv(java.util.Map)[pri:0, instance:automation.merge.SingleInputClass@6e20b53a]" started-at="2024-03-03T09:02:40 PST" name="executeSingleInputCsv" data-provider="loadFromCSV" finished-at="2024-03-03T09:02:40 PST" duration-ms="0" status="PASS">
          <params>
            <param index="0">
              <value>
                <![CDATA[{fileExt=, mfId5=, mfId4=, property2=, property1=, property4=, property3=, property0=, modelRegion0=, modelRegion2=, modelRegion1=, modelRegion4=, modelRegion3=, gmpeCode0=, gmpeCode1=, modelRegion5=, gmpeCode2=, gmpeCode3=, gmpeCode4=, ifDefaultMapping=, gmpeCode5=, mfId3=, mfId2=, mfId1=, mfId0=, excludePostalCodes2=, excludePostalCodes1=, excludePostalCodes4=, excludePostalCodes3=, excludePostalCodes5=, engine1=, insuranceType1=, analysisMode1=, ignoreContractDates5=, engine0=, insuranceType0=, analysisMode2=, insuranceType3=, analysisMode0=, insuranceType2=, ignoreContractDates1=, analysisMode5=, ignoreContractDates2=, ignoreContractDates3=, analysisMode3=, ignoreContractDates4=, analysisMode4=, defenceOn3=, defenceOn4=, defenceOn5=, ignoreContractDates0=, engine5=, defenceOn0=, engine4=, importCurrency=, defenceOn1=, engine3=, engine2=, defenceOn2=, ifCreateEdm=, ifCreateModelProfile=, excludePostalCodes0=, edmDatasourceName=, numberOfSamples0=, portfolioId1=, portfolioId2=, portfolioId0=, numberOfSamples4=, numberOfSamples3=, numberOfSamples2=, numberOfSamples1=, numberOfSamples5=, mappingFileName=, portfolioNumber=, policyCoverages0=, policyCoverages3=, portfolioId5=, policyCoverages4=, policyCoverages1=, portfolioId3=, policyCoverages2=, portfolioId4=, fileFormat=, policyCoverages5=, subPeril2=, subPeril3=, subPeril0=, subPeril1=, subPeril4=, subPeril5=, scaleExposureValues5=, scaleExposureValues4=, scaleExposureValues3=, petDataVersion2=, petDataVersion1=, petDataVersion0=, petDataVersion5=, petDataVersion4=, petDataVersion3=, numberOfPeriods1=, numberOfPeriods0=, policyPerRisk1=, policyPerRisk0=, accntFilePath=, scaleExposureValues2=, insuranceType5=, scaleExposureValues1=, insuranceType4=, scaleExposureValues0=, unknownForPrimaryCharacteristics3=, alternateVulnCode5=, alternateVulnCode4=, unknownForPrimaryCharacteristics4=, unknownForPrimaryCharacteristics1=, unknownForPrimaryCharacteristics2=, alternateVulnCode1=, policyPerRisk5=, alternateVulnCode0=, unknownForPrimaryCharacteristics0=, policyPerRisk4=, alternateVulnCode3=, policyPerRisk3=, alternateVulnCode2=, policyPerRisk2=, description4=, description5=, description2=, description3=, description0=, description1=, secondaryPerils5=, sysJobIdEdmUpload=, secondaryPerils3=, secondaryPerils4=, secondaryPerils1=, numberOfPeriods5=, secondaryPerils2=, numberOfPeriods4=, numberOfPeriods3=, secondaryPerils0=, numberOfPeriods2=, petName0=, petName1=, locationPerRisk2=, dbType=, locationPerRisk1=, locationPerRisk0=, petName2=, petName3=, locationPerRisk5=, petName4=, locationPerRisk4=, locationPerRisk3=, petName5=, vulnerabilitySetId3=, region0=, region1=, region2=, endYear4=, region3=, endYear5=, endYear2=, endYear3=, endYear0=, endYear1=, accntFileName=, analysisType1=, analysisType0=, analysisType3=, portfolioName=, analysisType2=, analysisType5=, analysisType4=, dynamicAutomobileModeling5=, dynamicAutomobileModeling3=, dynamicAutomobileModeling4=, dynamicAutomobileModeling1=, dynamicAutomobileModeling2=, dynamicAutomobileModeling0=, applyPLA4=, applyPLA3=, ifUploadImportExpo=, LabelRegion4=, LabelRegion5=, applyPLA5=, applyPLA0=, LabelRegion2=, LabelRegion3=, LabelRegion0=, applyPLA2=, LabelRegion1=, applyPLA1=, subRegions3=, subRegions4=, subRegions5=, subRegions0=, subRegions1=, unknownForPrimaryCharacteristics5=, subRegions2=, coverage4=, coverage5=, coverage2=, locFileName=, coverage3=, coverage0=, coverage1=, vendor4=, vendor5=, vendor2=, vendor3=, vendor0=, vendor1=, fireOnly0=, fireOnly1=, caseNo=, fire4=, fire5=, eventRateSchemeId1=, fire2=, eventRateSchemeId0=, fire3=, fire0=, run1dOnly5=, fire1=, run1dOnly4=, run1dOnly3=, run1dOnly2=, run1dOnly1=, run1dOnly0=, fireOnly2=, eventRateSchemeId3=, region4=, eventRateSchemeId2=, fireOnly3=, region5=, fireOnly4=, eventRateSchemeId5=, eventRateSchemeId4=, fireOnly5=, edmFilePath=, subPerils2=, subPerils1=, subPerils0=, perilOverride4=, perilOverride5=, perilOverride0=, gmpeName3=, perilOverride1=, gmpeName2=, perilOverride2=, gmpeName5=, perilOverride3=, gmpeName4=, gmpeName1=, gmpeName0=, optServerName=, isGeoCoded0=, includePluvial3=, startYear0=, isGeoCoded1=, includePluvial4=, startYear1=, isGeoCoded2=, includePluvial5=, startYear2=, isGeoCoded3=, startYear3=, isGeoCoded4=, includePluvial0=, startYear4=, isGeoCoded5=, includePluvial1=, startYear5=, includePluvial2=, mappingFilePath=, sysJobIdMriImport=, peril3=, specialtyModels4=, peril2=, specialtyModels5=, peril1=, peril0=, specialtyModels0=, specialtyModels1=, specialtyModels2=, peril5=, specialtyModels3=, peril4=, ifRun=, importDescrp=, optShareGroup=, locFilePath=, property5=, includeBespokeDefence4=, includeBespokeDefence3=, version4=, version5=, includeBespokeDefence5=, includeBespokeDefence0=, version2=, version3=, version0=, includeBespokeDefence2=, version1=, includeBespokeDefence1=, subPerils5=, subPerils4=, edmFileName=, subPerils3=, optEdmDatabaseStorage=}]]>
              </value>
            </param>
          </params>
          <reporter-output>
          </reporter-output>
        </test-method> <!-- executeSingleInputCsv -->
        <test-method signature="executeSingleInputCsv(java.util.Map)[pri:0, instance:automation.merge.SingleInputClass@6e20b53a]" started-at="2024-03-03T09:02:40 PST" name="executeSingleInputCsv" data-provider="loadFromCSV" finished-at="2024-03-03T09:02:40 PST" duration-ms="0" status="PASS">
          <params>
            <param index="0">
              <value>
                <![CDATA[{fileExt=BAK, mfId5=, mfId4=, property2=, property1=, property4=, property3=, property0=, modelRegion0=ZZTR, modelRegion2=, modelRegion1=, modelRegion4=, modelRegion3=, gmpeCode0=, gmpeCode1=, modelRegion5=, gmpeCode2=, gmpeCode3=, gmpeCode4=, ifDefaultMapping=TRUE, gmpeCode5=, mfId3=, mfId2=, mfId1=, mfId0=, excludePostalCodes2=, excludePostalCodes1=, excludePostalCodes4=, excludePostalCodes3=, excludePostalCodes5=, engine1=, insuranceType1=, analysisMode1=, ignoreContractDates5=, engine0=ModelEngine, insuranceType0=Property, analysisMode2=, insuranceType3=, analysisMode0=Simulated, insuranceType2=, ignoreContractDates1=, analysisMode5=, ignoreContractDates2=, ignoreContractDates3=, analysisMode3=, ignoreContractDates4=, analysisMode4=, defenceOn3=, defenceOn4=, defenceOn5=, ignoreContractDates0=YES, engine5=, defenceOn0=, engine4=, importCurrency=, defenceOn1=, engine3=, engine2=, defenceOn2=, ifCreateEdm=, ifCreateModelProfile=YES, excludePostalCodes0=NO, edmDatasourceName=Terrorism_demo_DB, numberOfSamples0=1, portfolioId1=, portfolioId2=, portfolioId0=1, numberOfSamples4=, numberOfSamples3=, numberOfSamples2=, numberOfSamples1=, numberOfSamples5=, mappingFileName=Map1.mff, portfolioNumber=12345, policyCoverages0=, policyCoverages3=, portfolioId5=, policyCoverages4=, policyCoverages1=, portfolioId3=, policyCoverages2=, portfolioId4=, fileFormat=, policyCoverages5=, subPeril2=, subPeril3=, subPeril0=, subPeril1=, subPeril4=, subPeril5=, scaleExposureValues5=, scaleExposureValues4=, scaleExposureValues3=, petDataVersion2=, petDataVersion1=, petDataVersion0=CS, petDataVersion5=, petDataVersion4=, petDataVersion3=, numberOfPeriods1=, numberOfPeriods0=50000, policyPerRisk1=, policyPerRisk0=proportional, accntFilePath=/Users/Nikita.Arora/Documents/UploadEdmPoc/From Kishore/MRI_ACCNT.txt, scaleExposureValues2=, insuranceType5=, scaleExposureValues1=, insuranceType4=, scaleExposureValues0=, unknownForPrimaryCharacteristics3=, alternateVulnCode5=, alternateVulnCode4=, unknownForPrimaryCharacteristics4=, unknownForPrimaryCharacteristics1=, unknownForPrimaryCharacteristics2=, alternateVulnCode1=, policyPerRisk5=, alternateVulnCode0=, unknownForPrimaryCharacteristics0=, policyPerRisk4=, alternateVulnCode3=, policyPerRisk3=, alternateVulnCode2=, policyPerRisk2=, description4=, description5=, description2=, description3=, description0=, description1=, secondaryPerils5=, sysJobIdEdmUpload=, secondaryPerils3=, secondaryPerils4=, secondaryPerils1=, numberOfPeriods5=, secondaryPerils2=, numberOfPeriods4=, numberOfPeriods3=, secondaryPerils0=, numberOfPeriods2=, petName0=RMS Standard Risk Outlook (with swarm attacks), petName1=, locationPerRisk2=, dbType=EDM, locationPerRisk1=, locationPerRisk0=allocated, petName2=, petName3=, locationPerRisk5=, petName4=, locationPerRisk4=, locationPerRisk3=, petName5=, vulnerabilitySetId3=, region0=, region1=, region2=, endYear4=, region3=, endYear5=, endYear2=, endYear3=, endYear0=2025, endYear1=, accntFileName=MRI_ACCNT.txt, analysisType1=, analysisType0=EP, analysisType3=, portfolioName=Port_12345, analysisType2=, analysisType5=, analysisType4=, dynamicAutomobileModeling5=, dynamicAutomobileModeling3=, dynamicAutomobileModeling4=, dynamicAutomobileModeling1=, dynamicAutomobileModeling2=, dynamicAutomobileModeling0=, applyPLA4=, applyPLA3=, ifUploadImportExpo=Upload, LabelRegion4=, LabelRegion5=, applyPLA5=, applyPLA0=, LabelRegion2=, LabelRegion3=, LabelRegion0=Global, applyPLA2=, LabelRegion1=, applyPLA1=, subRegions3=, subRegions4=, subRegions5=, subRegions0=Belgium,Canada, subRegions1=, unknownForPrimaryCharacteristics5=, subRegions2=, coverage4=, coverage5=, coverage2=, locFileName=MRI_LOC.txt, coverage3=, coverage0=, coverage1=, vendor4=, vendor5=, vendor2=, vendor3=, vendor0=, vendor1=, fireOnly0=NO, fireOnly1=, caseNo=A001_E2E_USTR, fire4=, fire5=, eventRateSchemeId1=, fire2=, eventRateSchemeId0=0, fire3=, fire0=, run1dOnly5=, fire1=, run1dOnly4=, run1dOnly3=, run1dOnly2=, run1dOnly1=, run1dOnly0=, fireOnly2=, eventRateSchemeId3=, region4=, eventRateSchemeId2=, fireOnly3=, region5=, fireOnly4=, eventRateSchemeId5=, eventRateSchemeId4=, fireOnly5=, edmFilePath=/Users/Nikita.Arora/Documents/UploadEdmPoc/EDM, subPerils2=, subPerils1=, subPerils0=Nuclear Bomb,Sabotage - Industrial Plant (vapor release),Chemical - Sarin Gas, Biological - Anthrax,Biological - Smallpox, Radiological - Dirty Bomb, Sabotage - Nuclear Plant, Sabotage - Hazmat Transportation, perilOverride4=, perilOverride5=, perilOverride0=TR, gmpeName3=, perilOverride1=, gmpeName2=, perilOverride2=, gmpeName5=, perilOverride3=, gmpeName4=, gmpeName1=, gmpeName0=, optServerName=databridge-1, isGeoCoded0=NO, includePluvial3=, startYear0=2020, isGeoCoded1=NO, includePluvial4=, startYear1=, isGeoCoded2=, includePluvial5=, startYear2=, isGeoCoded3=, startYear3=, isGeoCoded4=, includePluvial0=, startYear4=, isGeoCoded5=, includePluvial1=, startYear5=, includePluvial2=, mappingFilePath=/Users/Nikita.Arora/Documents/UploadEdmPoc/From Kishore/Map1.mff, sysJobIdMriImport=, peril3=, specialtyModels4=, peril2=, specialtyModels5=, peril1=, peril0=Terrorism, specialtyModels0=, specialtyModels1=, specialtyModels2=, peril5=, specialtyModels3=, peril4=, ifRun=NO, importDescrp=desc_port_12345, optShareGroup=, locFilePath=/Users/Nikita.Arora/Documents/UploadEdmPoc/From Kishore/MRI_LOC.txt, property5=, includeBespokeDefence4=, includeBespokeDefence3=, version4=, version5=, includeBespokeDefence5=, includeBespokeDefence0=, version2=, version3=, version0=HDv1.0, includeBespokeDefence2=, version1=, includeBespokeDefence1=, subPerils5=, subPerils4=, edmFileName=Terrorism_demo_DB.BAK, subPerils3=, optEdmDatabaseStorage=DataBridge}]]>
              </value>
            </param>
          </params>
          <reporter-output>
          </reporter-output>
        </test-method> <!-- executeSingleInputCsv -->
        <test-method signature="executeSingleInputCsv(java.util.Map)[pri:0, instance:automation.merge.SingleInputClass@6e20b53a]" started-at="2024-03-03T09:02:40 PST" name="executeSingleInputCsv" data-provider="loadFromCSV" finished-at="2024-03-03T09:02:40 PST" duration-ms="1" status="PASS">
          <params>
            <param index="0">
              <value>
                <![CDATA[{fileExt=, mfId5=, mfId4=, property2=, property1=, property4=, property3=, property0=, modelRegion0=, modelRegion2=, modelRegion1=, modelRegion4=, modelRegion3=, gmpeCode0=, gmpeCode1=, modelRegion5=, gmpeCode2=, gmpeCode3=, gmpeCode4=, ifDefaultMapping=, gmpeCode5=, mfId3=, mfId2=, mfId1=, mfId0=, excludePostalCodes2=, excludePostalCodes1=, excludePostalCodes4=, excludePostalCodes3=, excludePostalCodes5=, engine1=, insuranceType1=, analysisMode1=, ignoreContractDates5=, engine0=, insuranceType0=, analysisMode2=, insuranceType3=, analysisMode0=, insuranceType2=, ignoreContractDates1=, analysisMode5=, ignoreContractDates2=, ignoreContractDates3=, analysisMode3=, ignoreContractDates4=, analysisMode4=, defenceOn3=, defenceOn4=, defenceOn5=, ignoreContractDates0=, engine5=, defenceOn0=, engine4=, importCurrency=, defenceOn1=, engine3=, engine2=, defenceOn2=, ifCreateEdm=, ifCreateModelProfile=, excludePostalCodes0=, edmDatasourceName=, numberOfSamples0=, portfolioId1=, portfolioId2=, portfolioId0=, numberOfSamples4=, numberOfSamples3=, numberOfSamples2=, numberOfSamples1=, numberOfSamples5=, mappingFileName=, portfolioNumber=, policyCoverages0=, policyCoverages3=, portfolioId5=, policyCoverages4=, policyCoverages1=, portfolioId3=, policyCoverages2=, portfolioId4=, fileFormat=, policyCoverages5=, subPeril2=, subPeril3=, subPeril0=, subPeril1=, subPeril4=, subPeril5=, scaleExposureValues5=, scaleExposureValues4=, scaleExposureValues3=, petDataVersion2=, petDataVersion1=, petDataVersion0=, petDataVersion5=, petDataVersion4=, petDataVersion3=, numberOfPeriods1=, numberOfPeriods0=, policyPerRisk1=, policyPerRisk0=, accntFilePath=, scaleExposureValues2=, insuranceType5=, scaleExposureValues1=, insuranceType4=, scaleExposureValues0=, unknownForPrimaryCharacteristics3=, alternateVulnCode5=, alternateVulnCode4=, unknownForPrimaryCharacteristics4=, unknownForPrimaryCharacteristics1=, unknownForPrimaryCharacteristics2=, alternateVulnCode1=, policyPerRisk5=, alternateVulnCode0=, unknownForPrimaryCharacteristics0=, policyPerRisk4=, alternateVulnCode3=, policyPerRisk3=, alternateVulnCode2=, policyPerRisk2=, description4=, description5=, description2=, description3=, description0=, description1=, secondaryPerils5=, sysJobIdEdmUpload=, secondaryPerils3=, secondaryPerils4=, secondaryPerils1=, numberOfPeriods5=, secondaryPerils2=, numberOfPeriods4=, numberOfPeriods3=, secondaryPerils0=, numberOfPeriods2=, petName0=, petName1=, locationPerRisk2=, dbType=, locationPerRisk1=, locationPerRisk0=, petName2=, petName3=, locationPerRisk5=, petName4=, locationPerRisk4=, locationPerRisk3=, petName5=, vulnerabilitySetId3=, region0=, region1=, region2=, endYear4=, region3=, endYear5=, endYear2=, endYear3=, endYear0=, endYear1=, accntFileName=, analysisType1=, analysisType0=, analysisType3=, portfolioName=, analysisType2=, analysisType5=, analysisType4=, dynamicAutomobileModeling5=, dynamicAutomobileModeling3=, dynamicAutomobileModeling4=, dynamicAutomobileModeling1=, dynamicAutomobileModeling2=, dynamicAutomobileModeling0=, applyPLA4=, applyPLA3=, ifUploadImportExpo=, LabelRegion4=, LabelRegion5=, applyPLA5=, applyPLA0=, LabelRegion2=, LabelRegion3=, LabelRegion0=, applyPLA2=, LabelRegion1=, applyPLA1=, subRegions3=, subRegions4=, subRegions5=, subRegions0=, subRegions1=, unknownForPrimaryCharacteristics5=, subRegions2=, coverage4=, coverage5=, coverage2=, locFileName=, coverage3=, coverage0=, coverage1=, vendor4=, vendor5=, vendor2=, vendor3=, vendor0=, vendor1=, fireOnly0=, fireOnly1=, caseNo=, fire4=, fire5=, eventRateSchemeId1=, fire2=, eventRateSchemeId0=, fire3=, fire0=, run1dOnly5=, fire1=, run1dOnly4=, run1dOnly3=, run1dOnly2=, run1dOnly1=, run1dOnly0=, fireOnly2=, eventRateSchemeId3=, region4=, eventRateSchemeId2=, fireOnly3=, region5=, fireOnly4=, eventRateSchemeId5=, eventRateSchemeId4=, fireOnly5=, edmFilePath=, subPerils2=, subPerils1=, subPerils0=, perilOverride4=, perilOverride5=, perilOverride0=, gmpeName3=, perilOverride1=, gmpeName2=, perilOverride2=, gmpeName5=, perilOverride3=, gmpeName4=, gmpeName1=, gmpeName0=, optServerName=, isGeoCoded0=, includePluvial3=, startYear0=, isGeoCoded1=, includePluvial4=, startYear1=, isGeoCoded2=, includePluvial5=, startYear2=, isGeoCoded3=, startYear3=, isGeoCoded4=, includePluvial0=, startYear4=, isGeoCoded5=, includePluvial1=, startYear5=, includePluvial2=, mappingFilePath=, sysJobIdMriImport=, peril3=, specialtyModels4=, peril2=, specialtyModels5=, peril1=, peril0=, specialtyModels0=, specialtyModels1=, specialtyModels2=, peril5=, specialtyModels3=, peril4=, ifRun=, importDescrp=, optShareGroup=, locFilePath=, property5=, includeBespokeDefence4=, includeBespokeDefence3=, version4=, version5=, includeBespokeDefence5=, includeBespokeDefence0=, version2=, version3=, version0=, includeBespokeDefence2=, version1=, includeBespokeDefence1=, subPerils5=, subPerils4=, edmFileName=, subPerils3=, optEdmDatabaseStorage=}]]>
              </value>
            </param>
          </params>
          <reporter-output>
          </reporter-output>
        </test-method> <!-- executeSingleInputCsv -->
        <test-method signature="executeSingleInputCsv(java.util.Map)[pri:0, instance:automation.merge.SingleInputClass@6e20b53a]" started-at="2024-03-03T09:02:40 PST" name="executeSingleInputCsv" data-provider="loadFromCSV" finished-at="2024-03-03T09:02:40 PST" duration-ms="0" status="PASS">
          <params>
            <param index="0">
              <value>
                <![CDATA[{fileExt=, mfId5=, mfId4=, property2=, property1=, property4=, property3=, property0=, modelRegion0=, modelRegion2=, modelRegion1=, modelRegion4=, modelRegion3=, gmpeCode0=, gmpeCode1=, modelRegion5=, gmpeCode2=, gmpeCode3=, gmpeCode4=, ifDefaultMapping=, gmpeCode5=, mfId3=, mfId2=, mfId1=, mfId0=, excludePostalCodes2=, excludePostalCodes1=, excludePostalCodes4=, excludePostalCodes3=, excludePostalCodes5=, engine1=, insuranceType1=, analysisMode1=, ignoreContractDates5=, engine0=, insuranceType0=, analysisMode2=, insuranceType3=, analysisMode0=, insuranceType2=, ignoreContractDates1=, analysisMode5=, ignoreContractDates2=, ignoreContractDates3=, analysisMode3=, ignoreContractDates4=, analysisMode4=, defenceOn3=, defenceOn4=, defenceOn5=, ignoreContractDates0=, engine5=, defenceOn0=, engine4=, importCurrency=, defenceOn1=, engine3=, engine2=, defenceOn2=, ifCreateEdm=, ifCreateModelProfile=, excludePostalCodes0=, edmDatasourceName=, numberOfSamples0=, portfolioId1=, portfolioId2=, portfolioId0=, numberOfSamples4=, numberOfSamples3=, numberOfSamples2=, numberOfSamples1=, numberOfSamples5=, mappingFileName=, portfolioNumber=, policyCoverages0=, policyCoverages3=, portfolioId5=, policyCoverages4=, policyCoverages1=, portfolioId3=, policyCoverages2=, portfolioId4=, fileFormat=, policyCoverages5=, subPeril2=, subPeril3=, subPeril0=, subPeril1=, subPeril4=, subPeril5=, scaleExposureValues5=, scaleExposureValues4=, scaleExposureValues3=, petDataVersion2=, petDataVersion1=, petDataVersion0=, petDataVersion5=, petDataVersion4=, petDataVersion3=, numberOfPeriods1=, numberOfPeriods0=, policyPerRisk1=, policyPerRisk0=, accntFilePath=, scaleExposureValues2=, insuranceType5=, scaleExposureValues1=, insuranceType4=, scaleExposureValues0=, unknownForPrimaryCharacteristics3=, alternateVulnCode5=, alternateVulnCode4=, unknownForPrimaryCharacteristics4=, unknownForPrimaryCharacteristics1=, unknownForPrimaryCharacteristics2=, alternateVulnCode1=, policyPerRisk5=, alternateVulnCode0=, unknownForPrimaryCharacteristics0=, policyPerRisk4=, alternateVulnCode3=, policyPerRisk3=, alternateVulnCode2=, policyPerRisk2=, description4=, description5=, description2=, description3=, description0=, description1=, secondaryPerils5=, sysJobIdEdmUpload=, secondaryPerils3=, secondaryPerils4=, secondaryPerils1=, numberOfPeriods5=, secondaryPerils2=, numberOfPeriods4=, numberOfPeriods3=, secondaryPerils0=, numberOfPeriods2=, petName0=, petName1=, locationPerRisk2=, dbType=, locationPerRisk1=, locationPerRisk0=, petName2=, petName3=, locationPerRisk5=, petName4=, locationPerRisk4=, locationPerRisk3=, petName5=, vulnerabilitySetId3=, region0=, region1=, region2=, endYear4=, region3=, endYear5=, endYear2=, endYear3=, endYear0=, endYear1=, accntFileName=, analysisType1=, analysisType0=, analysisType3=, portfolioName=, analysisType2=, analysisType5=, analysisType4=, dynamicAutomobileModeling5=, dynamicAutomobileModeling3=, dynamicAutomobileModeling4=, dynamicAutomobileModeling1=, dynamicAutomobileModeling2=, dynamicAutomobileModeling0=, applyPLA4=, applyPLA3=, ifUploadImportExpo=, LabelRegion4=, LabelRegion5=, applyPLA5=, applyPLA0=, LabelRegion2=, LabelRegion3=, LabelRegion0=, applyPLA2=, LabelRegion1=, applyPLA1=, subRegions3=, subRegions4=, subRegions5=, subRegions0=, subRegions1=, unknownForPrimaryCharacteristics5=, subRegions2=, coverage4=, coverage5=, coverage2=, locFileName=, coverage3=, coverage0=, coverage1=, vendor4=, vendor5=, vendor2=, vendor3=, vendor0=, vendor1=, fireOnly0=, fireOnly1=, caseNo=, fire4=, fire5=, eventRateSchemeId1=, fire2=, eventRateSchemeId0=, fire3=, fire0=, run1dOnly5=, fire1=, run1dOnly4=, run1dOnly3=, run1dOnly2=, run1dOnly1=, run1dOnly0=, fireOnly2=, eventRateSchemeId3=, region4=, eventRateSchemeId2=, fireOnly3=, region5=, fireOnly4=, eventRateSchemeId5=, eventRateSchemeId4=, fireOnly5=, edmFilePath=, subPerils2=, subPerils1=, subPerils0=, perilOverride4=, perilOverride5=, perilOverride0=, gmpeName3=, perilOverride1=, gmpeName2=, perilOverride2=, gmpeName5=, perilOverride3=, gmpeName4=, gmpeName1=, gmpeName0=, optServerName=, isGeoCoded0=, includePluvial3=, startYear0=, isGeoCoded1=, includePluvial4=, startYear1=, isGeoCoded2=, includePluvial5=, startYear2=, isGeoCoded3=, startYear3=, isGeoCoded4=, includePluvial0=, startYear4=, isGeoCoded5=, includePluvial1=, startYear5=, includePluvial2=, mappingFilePath=, sysJobIdMriImport=, peril3=, specialtyModels4=, peril2=, specialtyModels5=, peril1=, peril0=, specialtyModels0=, specialtyModels1=, specialtyModels2=, peril5=, specialtyModels3=, peril4=, ifRun=, importDescrp=, optShareGroup=, locFilePath=, property5=, includeBespokeDefence4=, includeBespokeDefence3=, version4=, version5=, includeBespokeDefence5=, includeBespokeDefence0=, version2=, version3=, version0=, includeBespokeDefence2=, version1=, includeBespokeDefence1=, subPerils5=, subPerils4=, edmFileName=, subPerils3=, optEdmDatabaseStorage=}]]>
              </value>
            </param>
          </params>
          <reporter-output>
          </reporter-output>
        </test-method> <!-- executeSingleInputCsv -->
        <test-method signature="executeSingleInputCsv(java.util.Map)[pri:0, instance:automation.merge.SingleInputClass@6e20b53a]" started-at="2024-03-03T09:02:40 PST" name="executeSingleInputCsv" data-provider="loadFromCSV" finished-at="2024-03-03T09:02:40 PST" duration-ms="0" status="PASS">
          <params>
            <param index="0">
              <value>
                <![CDATA[{fileExt=, mfId5=, mfId4=, property2=, property1=, property4=, property3=, property0=, modelRegion0=, modelRegion2=, modelRegion1=, modelRegion4=, modelRegion3=, gmpeCode0=, gmpeCode1=, modelRegion5=, gmpeCode2=, gmpeCode3=, gmpeCode4=, ifDefaultMapping=, gmpeCode5=, mfId3=, mfId2=, mfId1=, mfId0=, excludePostalCodes2=, excludePostalCodes1=, excludePostalCodes4=, excludePostalCodes3=, excludePostalCodes5=, engine1=, insuranceType1=, analysisMode1=, ignoreContractDates5=, engine0=, insuranceType0=, analysisMode2=, insuranceType3=, analysisMode0=, insuranceType2=, ignoreContractDates1=, analysisMode5=, ignoreContractDates2=, ignoreContractDates3=, analysisMode3=, ignoreContractDates4=, analysisMode4=, defenceOn3=, defenceOn4=, defenceOn5=, ignoreContractDates0=, engine5=, defenceOn0=, engine4=, importCurrency=, defenceOn1=, engine3=, engine2=, defenceOn2=, ifCreateEdm=, ifCreateModelProfile=, excludePostalCodes0=, edmDatasourceName=, numberOfSamples0=, portfolioId1=, portfolioId2=, portfolioId0=, numberOfSamples4=, numberOfSamples3=, numberOfSamples2=, numberOfSamples1=, numberOfSamples5=, mappingFileName=, portfolioNumber=, policyCoverages0=, policyCoverages3=, portfolioId5=, policyCoverages4=, policyCoverages1=, portfolioId3=, policyCoverages2=, portfolioId4=, fileFormat=, policyCoverages5=, subPeril2=, subPeril3=, subPeril0=, subPeril1=, subPeril4=, subPeril5=, scaleExposureValues5=, scaleExposureValues4=, scaleExposureValues3=, petDataVersion2=, petDataVersion1=, petDataVersion0=, petDataVersion5=, petDataVersion4=, petDataVersion3=, numberOfPeriods1=, numberOfPeriods0=, policyPerRisk1=, policyPerRisk0=, accntFilePath=, scaleExposureValues2=, insuranceType5=, scaleExposureValues1=, insuranceType4=, scaleExposureValues0=, unknownForPrimaryCharacteristics3=, alternateVulnCode5=, alternateVulnCode4=, unknownForPrimaryCharacteristics4=, unknownForPrimaryCharacteristics1=, unknownForPrimaryCharacteristics2=, alternateVulnCode1=, policyPerRisk5=, alternateVulnCode0=, unknownForPrimaryCharacteristics0=, policyPerRisk4=, alternateVulnCode3=, policyPerRisk3=, alternateVulnCode2=, policyPerRisk2=, description4=, description5=, description2=, description3=, description0=, description1=, secondaryPerils5=, sysJobIdEdmUpload=, secondaryPerils3=, secondaryPerils4=, secondaryPerils1=, numberOfPeriods5=, secondaryPerils2=, numberOfPeriods4=, numberOfPeriods3=, secondaryPerils0=, numberOfPeriods2=, petName0=, petName1=, locationPerRisk2=, dbType=, locationPerRisk1=, locationPerRisk0=, petName2=, petName3=, locationPerRisk5=, petName4=, locationPerRisk4=, locationPerRisk3=, petName5=, vulnerabilitySetId3=, region0=, region1=, region2=, endYear4=, region3=, endYear5=, endYear2=, endYear3=, endYear0=, endYear1=, accntFileName=, analysisType1=, analysisType0=, analysisType3=, portfolioName=, analysisType2=, analysisType5=, analysisType4=, dynamicAutomobileModeling5=, dynamicAutomobileModeling3=, dynamicAutomobileModeling4=, dynamicAutomobileModeling1=, dynamicAutomobileModeling2=, dynamicAutomobileModeling0=, applyPLA4=, applyPLA3=, ifUploadImportExpo=, LabelRegion4=, LabelRegion5=, applyPLA5=, applyPLA0=, LabelRegion2=, LabelRegion3=, LabelRegion0=, applyPLA2=, LabelRegion1=, applyPLA1=, subRegions3=, subRegions4=, subRegions5=, subRegions0=, subRegions1=, unknownForPrimaryCharacteristics5=, subRegions2=, coverage4=, coverage5=, coverage2=, locFileName=, coverage3=, coverage0=, coverage1=, vendor4=, vendor5=, vendor2=, vendor3=, vendor0=, vendor1=, fireOnly0=, fireOnly1=, caseNo=, fire4=, fire5=, eventRateSchemeId1=, fire2=, eventRateSchemeId0=, fire3=, fire0=, run1dOnly5=, fire1=, run1dOnly4=, run1dOnly3=, run1dOnly2=, run1dOnly1=, run1dOnly0=, fireOnly2=, eventRateSchemeId3=, region4=, eventRateSchemeId2=, fireOnly3=, region5=, fireOnly4=, eventRateSchemeId5=, eventRateSchemeId4=, fireOnly5=, edmFilePath=, subPerils2=, subPerils1=, subPerils0=, perilOverride4=, perilOverride5=, perilOverride0=, gmpeName3=, perilOverride1=, gmpeName2=, perilOverride2=, gmpeName5=, perilOverride3=, gmpeName4=, gmpeName1=, gmpeName0=, optServerName=, isGeoCoded0=, includePluvial3=, startYear0=, isGeoCoded1=, includePluvial4=, startYear1=, isGeoCoded2=, includePluvial5=, startYear2=, isGeoCoded3=, startYear3=, isGeoCoded4=, includePluvial0=, startYear4=, isGeoCoded5=, includePluvial1=, startYear5=, includePluvial2=, mappingFilePath=, sysJobIdMriImport=, peril3=, specialtyModels4=, peril2=, specialtyModels5=, peril1=, peril0=, specialtyModels0=, specialtyModels1=, specialtyModels2=, peril5=, specialtyModels3=, peril4=, ifRun=, importDescrp=, optShareGroup=, locFilePath=, property5=, includeBespokeDefence4=, includeBespokeDefence3=, version4=, version5=, includeBespokeDefence5=, includeBespokeDefence0=, version2=, version3=, version0=, includeBespokeDefence2=, version1=, includeBespokeDefence1=, subPerils5=, subPerils4=, edmFileName=, subPerils3=, optEdmDatabaseStorage=}]]>
              </value>
            </param>
          </params>
          <reporter-output>
          </reporter-output>
        </test-method> <!-- executeSingleInputCsv -->
        <test-method signature="executeSingleInputCsv(java.util.Map)[pri:0, instance:automation.merge.SingleInputClass@6e20b53a]" started-at="2024-03-03T09:02:40 PST" name="executeSingleInputCsv" data-provider="loadFromCSV" finished-at="2024-03-03T09:02:40 PST" duration-ms="1" status="PASS">
          <params>
            <param index="0">
              <value>
                <![CDATA[{fileExt=, mfId5=, mfId4=, property2=, property1=, property4=, property3=, property0=, modelRegion0=, modelRegion2=, modelRegion1=, modelRegion4=, modelRegion3=, gmpeCode0=, gmpeCode1=, modelRegion5=, gmpeCode2=, gmpeCode3=, gmpeCode4=, ifDefaultMapping=, gmpeCode5=, mfId3=, mfId2=, mfId1=, mfId0=, excludePostalCodes2=, excludePostalCodes1=, excludePostalCodes4=, excludePostalCodes3=, excludePostalCodes5=, engine1=, insuranceType1=, analysisMode1=, ignoreContractDates5=, engine0=, insuranceType0=, analysisMode2=, insuranceType3=, analysisMode0=, insuranceType2=, ignoreContractDates1=, analysisMode5=, ignoreContractDates2=, ignoreContractDates3=, analysisMode3=, ignoreContractDates4=, analysisMode4=, defenceOn3=, defenceOn4=, defenceOn5=, ignoreContractDates0=, engine5=, defenceOn0=, engine4=, importCurrency=, defenceOn1=, engine3=, engine2=, defenceOn2=, ifCreateEdm=, ifCreateModelProfile=, excludePostalCodes0=, edmDatasourceName=, numberOfSamples0=, portfolioId1=, portfolioId2=, portfolioId0=, numberOfSamples4=, numberOfSamples3=, numberOfSamples2=, numberOfSamples1=, numberOfSamples5=, mappingFileName=, portfolioNumber=, policyCoverages0=, policyCoverages3=, portfolioId5=, policyCoverages4=, policyCoverages1=, portfolioId3=, policyCoverages2=, portfolioId4=, fileFormat=, policyCoverages5=, subPeril2=, subPeril3=, subPeril0=, subPeril1=, subPeril4=, subPeril5=, scaleExposureValues5=, scaleExposureValues4=, scaleExposureValues3=, petDataVersion2=, petDataVersion1=, petDataVersion0=, petDataVersion5=, petDataVersion4=, petDataVersion3=, numberOfPeriods1=, numberOfPeriods0=, policyPerRisk1=, policyPerRisk0=, accntFilePath=, scaleExposureValues2=, insuranceType5=, scaleExposureValues1=, insuranceType4=, scaleExposureValues0=, unknownForPrimaryCharacteristics3=, alternateVulnCode5=, alternateVulnCode4=, unknownForPrimaryCharacteristics4=, unknownForPrimaryCharacteristics1=, unknownForPrimaryCharacteristics2=, alternateVulnCode1=, policyPerRisk5=, alternateVulnCode0=, unknownForPrimaryCharacteristics0=, policyPerRisk4=, alternateVulnCode3=, policyPerRisk3=, alternateVulnCode2=, policyPerRisk2=, description4=, description5=, description2=, description3=, description0=, description1=, secondaryPerils5=, sysJobIdEdmUpload=, secondaryPerils3=, secondaryPerils4=, secondaryPerils1=, numberOfPeriods5=, secondaryPerils2=, numberOfPeriods4=, numberOfPeriods3=, secondaryPerils0=, numberOfPeriods2=, petName0=, petName1=, locationPerRisk2=, dbType=, locationPerRisk1=, locationPerRisk0=, petName2=, petName3=, locationPerRisk5=, petName4=, locationPerRisk4=, locationPerRisk3=, petName5=, vulnerabilitySetId3=, region0=, region1=, region2=, endYear4=, region3=, endYear5=, endYear2=, endYear3=, endYear0=, endYear1=, accntFileName=, analysisType1=, analysisType0=, analysisType3=, portfolioName=, analysisType2=, analysisType5=, analysisType4=, dynamicAutomobileModeling5=, dynamicAutomobileModeling3=, dynamicAutomobileModeling4=, dynamicAutomobileModeling1=, dynamicAutomobileModeling2=, dynamicAutomobileModeling0=, applyPLA4=, applyPLA3=, ifUploadImportExpo=, LabelRegion4=, LabelRegion5=, applyPLA5=, applyPLA0=, LabelRegion2=, LabelRegion3=, LabelRegion0=, applyPLA2=, LabelRegion1=, applyPLA1=, subRegions3=, subRegions4=, subRegions5=, subRegions0=, subRegions1=, unknownForPrimaryCharacteristics5=, subRegions2=, coverage4=, coverage5=, coverage2=, locFileName=, coverage3=, coverage0=, coverage1=, vendor4=, vendor5=, vendor2=, vendor3=, vendor0=, vendor1=, fireOnly0=, fireOnly1=, caseNo=, fire4=, fire5=, eventRateSchemeId1=, fire2=, eventRateSchemeId0=, fire3=, fire0=, run1dOnly5=, fire1=, run1dOnly4=, run1dOnly3=, run1dOnly2=, run1dOnly1=, run1dOnly0=, fireOnly2=, eventRateSchemeId3=, region4=, eventRateSchemeId2=, fireOnly3=, region5=, fireOnly4=, eventRateSchemeId5=, eventRateSchemeId4=, fireOnly5=, edmFilePath=, subPerils2=, subPerils1=, subPerils0=, perilOverride4=, perilOverride5=, perilOverride0=, gmpeName3=, perilOverride1=, gmpeName2=, perilOverride2=, gmpeName5=, perilOverride3=, gmpeName4=, gmpeName1=, gmpeName0=, optServerName=, isGeoCoded0=, includePluvial3=, startYear0=, isGeoCoded1=, includePluvial4=, startYear1=, isGeoCoded2=, includePluvial5=, startYear2=, isGeoCoded3=, startYear3=, isGeoCoded4=, includePluvial0=, startYear4=, isGeoCoded5=, includePluvial1=, startYear5=, includePluvial2=, mappingFilePath=, sysJobIdMriImport=, peril3=, specialtyModels4=, peril2=, specialtyModels5=, peril1=, peril0=, specialtyModels0=, specialtyModels1=, specialtyModels2=, peril5=, specialtyModels3=, peril4=, ifRun=, importDescrp=, optShareGroup=, locFilePath=, property5=, includeBespokeDefence4=, includeBespokeDefence3=, version4=, version5=, includeBespokeDefence5=, includeBespokeDefence0=, version2=, version3=, version0=, includeBespokeDefence2=, version1=, includeBespokeDefence1=, subPerils5=, subPerils4=, edmFileName=, subPerils3=, optEdmDatabaseStorage=}]]>
              </value>
            </param>
          </params>
          <reporter-output>
          </reporter-output>
        </test-method> <!-- executeSingleInputCsv -->
        <test-method signature="executeSingleInputCsv(java.util.Map)[pri:0, instance:automation.merge.SingleInputClass@6e20b53a]" started-at="2024-03-03T09:02:40 PST" name="executeSingleInputCsv" data-provider="loadFromCSV" finished-at="2024-03-03T09:02:40 PST" duration-ms="0" status="PASS">
          <params>
            <param index="0">
              <value>
                <![CDATA[{fileExt=, mfId5=, mfId4=, property2=, property1=, property4=, property3=, property0=, modelRegion0=, modelRegion2=, modelRegion1=, modelRegion4=, modelRegion3=, gmpeCode0=, gmpeCode1=, modelRegion5=, gmpeCode2=, gmpeCode3=, gmpeCode4=, ifDefaultMapping=, gmpeCode5=, mfId3=, mfId2=, mfId1=, mfId0=, excludePostalCodes2=, excludePostalCodes1=, excludePostalCodes4=, excludePostalCodes3=, excludePostalCodes5=, engine1=, insuranceType1=, analysisMode1=, ignoreContractDates5=, engine0=, insuranceType0=, analysisMode2=, insuranceType3=, analysisMode0=, insuranceType2=, ignoreContractDates1=, analysisMode5=, ignoreContractDates2=, ignoreContractDates3=, analysisMode3=, ignoreContractDates4=, analysisMode4=, defenceOn3=, defenceOn4=, defenceOn5=, ignoreContractDates0=, engine5=, defenceOn0=, engine4=, importCurrency=, defenceOn1=, engine3=, engine2=, defenceOn2=, ifCreateEdm=, ifCreateModelProfile=, excludePostalCodes0=, edmDatasourceName=, numberOfSamples0=, portfolioId1=, portfolioId2=, portfolioId0=, numberOfSamples4=, numberOfSamples3=, numberOfSamples2=, numberOfSamples1=, numberOfSamples5=, mappingFileName=, portfolioNumber=, policyCoverages0=, policyCoverages3=, portfolioId5=, policyCoverages4=, policyCoverages1=, portfolioId3=, policyCoverages2=, portfolioId4=, fileFormat=, policyCoverages5=, subPeril2=, subPeril3=, subPeril0=, subPeril1=, subPeril4=, subPeril5=, scaleExposureValues5=, scaleExposureValues4=, scaleExposureValues3=, petDataVersion2=, petDataVersion1=, petDataVersion0=, petDataVersion5=, petDataVersion4=, petDataVersion3=, numberOfPeriods1=, numberOfPeriods0=, policyPerRisk1=, policyPerRisk0=, accntFilePath=, scaleExposureValues2=, insuranceType5=, scaleExposureValues1=, insuranceType4=, scaleExposureValues0=, unknownForPrimaryCharacteristics3=, alternateVulnCode5=, alternateVulnCode4=, unknownForPrimaryCharacteristics4=, unknownForPrimaryCharacteristics1=, unknownForPrimaryCharacteristics2=, alternateVulnCode1=, policyPerRisk5=, alternateVulnCode0=, unknownForPrimaryCharacteristics0=, policyPerRisk4=, alternateVulnCode3=, policyPerRisk3=, alternateVulnCode2=, policyPerRisk2=, description4=, description5=, description2=, description3=, description0=, description1=, secondaryPerils5=, sysJobIdEdmUpload=, secondaryPerils3=, secondaryPerils4=, secondaryPerils1=, numberOfPeriods5=, secondaryPerils2=, numberOfPeriods4=, numberOfPeriods3=, secondaryPerils0=, numberOfPeriods2=, petName0=, petName1=, locationPerRisk2=, dbType=, locationPerRisk1=, locationPerRisk0=, petName2=, petName3=, locationPerRisk5=, petName4=, locationPerRisk4=, locationPerRisk3=, petName5=, vulnerabilitySetId3=, region0=, region1=, region2=, endYear4=, region3=, endYear5=, endYear2=, endYear3=, endYear0=, endYear1=, accntFileName=, analysisType1=, analysisType0=, analysisType3=, portfolioName=, analysisType2=, analysisType5=, analysisType4=, dynamicAutomobileModeling5=, dynamicAutomobileModeling3=, dynamicAutomobileModeling4=, dynamicAutomobileModeling1=, dynamicAutomobileModeling2=, dynamicAutomobileModeling0=, applyPLA4=, applyPLA3=, ifUploadImportExpo=, LabelRegion4=, LabelRegion5=, applyPLA5=, applyPLA0=, LabelRegion2=, LabelRegion3=, LabelRegion0=, applyPLA2=, LabelRegion1=, applyPLA1=, subRegions3=, subRegions4=, subRegions5=, subRegions0=, subRegions1=, unknownForPrimaryCharacteristics5=, subRegions2=, coverage4=, coverage5=, coverage2=, locFileName=, coverage3=, coverage0=, coverage1=, vendor4=, vendor5=, vendor2=, vendor3=, vendor0=, vendor1=, fireOnly0=, fireOnly1=, caseNo=, fire4=, fire5=, eventRateSchemeId1=, fire2=, eventRateSchemeId0=, fire3=, fire0=, run1dOnly5=, fire1=, run1dOnly4=, run1dOnly3=, run1dOnly2=, run1dOnly1=, run1dOnly0=, fireOnly2=, eventRateSchemeId3=, region4=, eventRateSchemeId2=, fireOnly3=, region5=, fireOnly4=, eventRateSchemeId5=, eventRateSchemeId4=, fireOnly5=, edmFilePath=, subPerils2=, subPerils1=, subPerils0=, perilOverride4=, perilOverride5=, perilOverride0=, gmpeName3=, perilOverride1=, gmpeName2=, perilOverride2=, gmpeName5=, perilOverride3=, gmpeName4=, gmpeName1=, gmpeName0=, optServerName=, isGeoCoded0=, includePluvial3=, startYear0=, isGeoCoded1=, includePluvial4=, startYear1=, isGeoCoded2=, includePluvial5=, startYear2=, isGeoCoded3=, startYear3=, isGeoCoded4=, includePluvial0=, startYear4=, isGeoCoded5=, includePluvial1=, startYear5=, includePluvial2=, mappingFilePath=, sysJobIdMriImport=, peril3=, specialtyModels4=, peril2=, specialtyModels5=, peril1=, peril0=, specialtyModels0=, specialtyModels1=, specialtyModels2=, peril5=, specialtyModels3=, peril4=, ifRun=, importDescrp=, optShareGroup=, locFilePath=, property5=, includeBespokeDefence4=, includeBespokeDefence3=, version4=, version5=, includeBespokeDefence5=, includeBespokeDefence0=, version2=, version3=, version0=, includeBespokeDefence2=, version1=, includeBespokeDefence1=, subPerils5=, subPerils4=, edmFileName=, subPerils3=, optEdmDatabaseStorage=}]]>
              </value>
            </param>
          </params>
          <reporter-output>
          </reporter-output>
        </test-method> <!-- executeSingleInputCsv -->
        <test-method signature="executeSingleInputCsv(java.util.Map)[pri:0, instance:automation.merge.SingleInputClass@6e20b53a]" started-at="2024-03-03T09:02:40 PST" name="executeSingleInputCsv" data-provider="loadFromCSV" finished-at="2024-03-03T09:02:40 PST" duration-ms="0" status="PASS">
          <params>
            <param index="0">
              <value>
                <![CDATA[{fileExt=, mfId5=, mfId4=, property2=, property1=, property4=, property3=, property0=, modelRegion0=, modelRegion2=, modelRegion1=, modelRegion4=, modelRegion3=, gmpeCode0=, gmpeCode1=, modelRegion5=, gmpeCode2=, gmpeCode3=, gmpeCode4=, ifDefaultMapping=, gmpeCode5=, mfId3=, mfId2=, mfId1=, mfId0=, excludePostalCodes2=, excludePostalCodes1=, excludePostalCodes4=, excludePostalCodes3=, excludePostalCodes5=, engine1=, insuranceType1=, analysisMode1=, ignoreContractDates5=, engine0=, insuranceType0=, analysisMode2=, insuranceType3=, analysisMode0=, insuranceType2=, ignoreContractDates1=, analysisMode5=, ignoreContractDates2=, ignoreContractDates3=, analysisMode3=, ignoreContractDates4=, analysisMode4=, defenceOn3=, defenceOn4=, defenceOn5=, ignoreContractDates0=, engine5=, defenceOn0=, engine4=, importCurrency=, defenceOn1=, engine3=, engine2=, defenceOn2=, ifCreateEdm=, ifCreateModelProfile=, excludePostalCodes0=, edmDatasourceName=, numberOfSamples0=, portfolioId1=, portfolioId2=, portfolioId0=, numberOfSamples4=, numberOfSamples3=, numberOfSamples2=, numberOfSamples1=, numberOfSamples5=, mappingFileName=, portfolioNumber=, policyCoverages0=, policyCoverages3=, portfolioId5=, policyCoverages4=, policyCoverages1=, portfolioId3=, policyCoverages2=, portfolioId4=, fileFormat=, policyCoverages5=, subPeril2=, subPeril3=, subPeril0=, subPeril1=, subPeril4=, subPeril5=, scaleExposureValues5=, scaleExposureValues4=, scaleExposureValues3=, petDataVersion2=, petDataVersion1=, petDataVersion0=, petDataVersion5=, petDataVersion4=, petDataVersion3=, numberOfPeriods1=, numberOfPeriods0=, policyPerRisk1=, policyPerRisk0=, accntFilePath=, scaleExposureValues2=, insuranceType5=, scaleExposureValues1=, insuranceType4=, scaleExposureValues0=, unknownForPrimaryCharacteristics3=, alternateVulnCode5=, alternateVulnCode4=, unknownForPrimaryCharacteristics4=, unknownForPrimaryCharacteristics1=, unknownForPrimaryCharacteristics2=, alternateVulnCode1=, policyPerRisk5=, alternateVulnCode0=, unknownForPrimaryCharacteristics0=, policyPerRisk4=, alternateVulnCode3=, policyPerRisk3=, alternateVulnCode2=, policyPerRisk2=, description4=, description5=, description2=, description3=, description0=, description1=, secondaryPerils5=, sysJobIdEdmUpload=, secondaryPerils3=, secondaryPerils4=, secondaryPerils1=, numberOfPeriods5=, secondaryPerils2=, numberOfPeriods4=, numberOfPeriods3=, secondaryPerils0=, numberOfPeriods2=, petName0=, petName1=, locationPerRisk2=, dbType=, locationPerRisk1=, locationPerRisk0=, petName2=, petName3=, locationPerRisk5=, petName4=, locationPerRisk4=, locationPerRisk3=, petName5=, vulnerabilitySetId3=, region0=, region1=, region2=, endYear4=, region3=, endYear5=, endYear2=, endYear3=, endYear0=, endYear1=, accntFileName=, analysisType1=, analysisType0=, analysisType3=, portfolioName=, analysisType2=, analysisType5=, analysisType4=, dynamicAutomobileModeling5=, dynamicAutomobileModeling3=, dynamicAutomobileModeling4=, dynamicAutomobileModeling1=, dynamicAutomobileModeling2=, dynamicAutomobileModeling0=, applyPLA4=, applyPLA3=, ifUploadImportExpo=, LabelRegion4=, LabelRegion5=, applyPLA5=, applyPLA0=, LabelRegion2=, LabelRegion3=, LabelRegion0=, applyPLA2=, LabelRegion1=, applyPLA1=, subRegions3=, subRegions4=, subRegions5=, subRegions0=, subRegions1=, unknownForPrimaryCharacteristics5=, subRegions2=, coverage4=, coverage5=, coverage2=, locFileName=, coverage3=, coverage0=, coverage1=, vendor4=, vendor5=, vendor2=, vendor3=, vendor0=, vendor1=, fireOnly0=, fireOnly1=, caseNo=, fire4=, fire5=, eventRateSchemeId1=, fire2=, eventRateSchemeId0=, fire3=, fire0=, run1dOnly5=, fire1=, run1dOnly4=, run1dOnly3=, run1dOnly2=, run1dOnly1=, run1dOnly0=, fireOnly2=, eventRateSchemeId3=, region4=, eventRateSchemeId2=, fireOnly3=, region5=, fireOnly4=, eventRateSchemeId5=, eventRateSchemeId4=, fireOnly5=, edmFilePath=, subPerils2=, subPerils1=, subPerils0=, perilOverride4=, perilOverride5=, perilOverride0=, gmpeName3=, perilOverride1=, gmpeName2=, perilOverride2=, gmpeName5=, perilOverride3=, gmpeName4=, gmpeName1=, gmpeName0=, optServerName=, isGeoCoded0=, includePluvial3=, startYear0=, isGeoCoded1=, includePluvial4=, startYear1=, isGeoCoded2=, includePluvial5=, startYear2=, isGeoCoded3=, startYear3=, isGeoCoded4=, includePluvial0=, startYear4=, isGeoCoded5=, includePluvial1=, startYear5=, includePluvial2=, mappingFilePath=, sysJobIdMriImport=, peril3=, specialtyModels4=, peril2=, specialtyModels5=, peril1=, peril0=, specialtyModels0=, specialtyModels1=, specialtyModels2=, peril5=, specialtyModels3=, peril4=, ifRun=, importDescrp=, optShareGroup=, locFilePath=, property5=, includeBespokeDefence4=, includeBespokeDefence3=, version4=, version5=, includeBespokeDefence5=, includeBespokeDefence0=, version2=, version3=, version0=, includeBespokeDefence2=, version1=, includeBespokeDefence1=, subPerils5=, subPerils4=, edmFileName=, subPerils3=, optEdmDatabaseStorage=}]]>
              </value>
            </param>
          </params>
          <reporter-output>
          </reporter-output>
        </test-method> <!-- executeSingleInputCsv -->
        <test-method signature="executeSingleInputCsv(java.util.Map)[pri:0, instance:automation.merge.SingleInputClass@6e20b53a]" started-at="2024-03-03T09:02:40 PST" name="executeSingleInputCsv" data-provider="loadFromCSV" finished-at="2024-03-03T09:02:40 PST" duration-ms="0" status="PASS">
          <params>
            <param index="0">
              <value>
                <![CDATA[{fileExt=, mfId5=, mfId4=, property2=, property1=, property4=, property3=, property0=, modelRegion0=, modelRegion2=, modelRegion1=, modelRegion4=, modelRegion3=, gmpeCode0=, gmpeCode1=, modelRegion5=, gmpeCode2=, gmpeCode3=, gmpeCode4=, ifDefaultMapping=, gmpeCode5=, mfId3=, mfId2=, mfId1=, mfId0=, excludePostalCodes2=, excludePostalCodes1=, excludePostalCodes4=, excludePostalCodes3=, excludePostalCodes5=, engine1=, insuranceType1=, analysisMode1=, ignoreContractDates5=, engine0=, insuranceType0=, analysisMode2=, insuranceType3=, analysisMode0=, insuranceType2=, ignoreContractDates1=, analysisMode5=, ignoreContractDates2=, ignoreContractDates3=, analysisMode3=, ignoreContractDates4=, analysisMode4=, defenceOn3=, defenceOn4=, defenceOn5=, ignoreContractDates0=, engine5=, defenceOn0=, engine4=, importCurrency=, defenceOn1=, engine3=, engine2=, defenceOn2=, ifCreateEdm=, ifCreateModelProfile=, excludePostalCodes0=, edmDatasourceName=, numberOfSamples0=, portfolioId1=, portfolioId2=, portfolioId0=, numberOfSamples4=, numberOfSamples3=, numberOfSamples2=, numberOfSamples1=, numberOfSamples5=, mappingFileName=, portfolioNumber=, policyCoverages0=, policyCoverages3=, portfolioId5=, policyCoverages4=, policyCoverages1=, portfolioId3=, policyCoverages2=, portfolioId4=, fileFormat=, policyCoverages5=, subPeril2=, subPeril3=, subPeril0=, subPeril1=, subPeril4=, subPeril5=, scaleExposureValues5=, scaleExposureValues4=, scaleExposureValues3=, petDataVersion2=, petDataVersion1=, petDataVersion0=, petDataVersion5=, petDataVersion4=, petDataVersion3=, numberOfPeriods1=, numberOfPeriods0=, policyPerRisk1=, policyPerRisk0=, accntFilePath=, scaleExposureValues2=, insuranceType5=, scaleExposureValues1=, insuranceType4=, scaleExposureValues0=, unknownForPrimaryCharacteristics3=, alternateVulnCode5=, alternateVulnCode4=, unknownForPrimaryCharacteristics4=, unknownForPrimaryCharacteristics1=, unknownForPrimaryCharacteristics2=, alternateVulnCode1=, policyPerRisk5=, alternateVulnCode0=, unknownForPrimaryCharacteristics0=, policyPerRisk4=, alternateVulnCode3=, policyPerRisk3=, alternateVulnCode2=, policyPerRisk2=, description4=, description5=, description2=, description3=, description0=, description1=, secondaryPerils5=, sysJobIdEdmUpload=, secondaryPerils3=, secondaryPerils4=, secondaryPerils1=, numberOfPeriods5=, secondaryPerils2=, numberOfPeriods4=, numberOfPeriods3=, secondaryPerils0=, numberOfPeriods2=, petName0=, petName1=, locationPerRisk2=, dbType=, locationPerRisk1=, locationPerRisk0=, petName2=, petName3=, locationPerRisk5=, petName4=, locationPerRisk4=, locationPerRisk3=, petName5=, vulnerabilitySetId3=, region0=, region1=, region2=, endYear4=, region3=, endYear5=, endYear2=, endYear3=, endYear0=, endYear1=, accntFileName=, analysisType1=, analysisType0=, analysisType3=, portfolioName=, analysisType2=, analysisType5=, analysisType4=, dynamicAutomobileModeling5=, dynamicAutomobileModeling3=, dynamicAutomobileModeling4=, dynamicAutomobileModeling1=, dynamicAutomobileModeling2=, dynamicAutomobileModeling0=, applyPLA4=, applyPLA3=, ifUploadImportExpo=, LabelRegion4=, LabelRegion5=, applyPLA5=, applyPLA0=, LabelRegion2=, LabelRegion3=, LabelRegion0=, applyPLA2=, LabelRegion1=, applyPLA1=, subRegions3=, subRegions4=, subRegions5=, subRegions0=, subRegions1=, unknownForPrimaryCharacteristics5=, subRegions2=, coverage4=, coverage5=, coverage2=, locFileName=, coverage3=, coverage0=, coverage1=, vendor4=, vendor5=, vendor2=, vendor3=, vendor0=, vendor1=, fireOnly0=, fireOnly1=, caseNo=, fire4=, fire5=, eventRateSchemeId1=, fire2=, eventRateSchemeId0=, fire3=, fire0=, run1dOnly5=, fire1=, run1dOnly4=, run1dOnly3=, run1dOnly2=, run1dOnly1=, run1dOnly0=, fireOnly2=, eventRateSchemeId3=, region4=, eventRateSchemeId2=, fireOnly3=, region5=, fireOnly4=, eventRateSchemeId5=, eventRateSchemeId4=, fireOnly5=, edmFilePath=, subPerils2=, subPerils1=, subPerils0=, perilOverride4=, perilOverride5=, perilOverride0=, gmpeName3=, perilOverride1=, gmpeName2=, perilOverride2=, gmpeName5=, perilOverride3=, gmpeName4=, gmpeName1=, gmpeName0=, optServerName=, isGeoCoded0=, includePluvial3=, startYear0=, isGeoCoded1=, includePluvial4=, startYear1=, isGeoCoded2=, includePluvial5=, startYear2=, isGeoCoded3=, startYear3=, isGeoCoded4=, includePluvial0=, startYear4=, isGeoCoded5=, includePluvial1=, startYear5=, includePluvial2=, mappingFilePath=, sysJobIdMriImport=, peril3=, specialtyModels4=, peril2=, specialtyModels5=, peril1=, peril0=, specialtyModels0=, specialtyModels1=, specialtyModels2=, peril5=, specialtyModels3=, peril4=, ifRun=, importDescrp=, optShareGroup=, locFilePath=, property5=, includeBespokeDefence4=, includeBespokeDefence3=, version4=, version5=, includeBespokeDefence5=, includeBespokeDefence0=, version2=, version3=, version0=, includeBespokeDefence2=, version1=, includeBespokeDefence1=, subPerils5=, subPerils4=, edmFileName=, subPerils3=, optEdmDatabaseStorage=}]]>
              </value>
            </param>
          </params>
          <reporter-output>
          </reporter-output>
        </test-method> <!-- executeSingleInputCsv -->
        <test-method signature="executeSingleInputCsv(java.util.Map)[pri:0, instance:automation.merge.SingleInputClass@6e20b53a]" started-at="2024-03-03T09:02:40 PST" name="executeSingleInputCsv" data-provider="loadFromCSV" finished-at="2024-03-03T09:02:40 PST" duration-ms="0" status="PASS">
          <params>
            <param index="0">
              <value>
                <![CDATA[{fileExt=, mfId5=, mfId4=, property2=, property1=, property4=, property3=, property0=, modelRegion0=, modelRegion2=, modelRegion1=, modelRegion4=, modelRegion3=, gmpeCode0=, gmpeCode1=, modelRegion5=, gmpeCode2=, gmpeCode3=, gmpeCode4=, ifDefaultMapping=, gmpeCode5=, mfId3=, mfId2=, mfId1=, mfId0=, excludePostalCodes2=, excludePostalCodes1=, excludePostalCodes4=, excludePostalCodes3=, excludePostalCodes5=, engine1=, insuranceType1=, analysisMode1=, ignoreContractDates5=, engine0=, insuranceType0=, analysisMode2=, insuranceType3=, analysisMode0=, insuranceType2=, ignoreContractDates1=, analysisMode5=, ignoreContractDates2=, ignoreContractDates3=, analysisMode3=, ignoreContractDates4=, analysisMode4=, defenceOn3=, defenceOn4=, defenceOn5=, ignoreContractDates0=, engine5=, defenceOn0=, engine4=, importCurrency=, defenceOn1=, engine3=, engine2=, defenceOn2=, ifCreateEdm=, ifCreateModelProfile=, excludePostalCodes0=, edmDatasourceName=, numberOfSamples0=, portfolioId1=, portfolioId2=, portfolioId0=, numberOfSamples4=, numberOfSamples3=, numberOfSamples2=, numberOfSamples1=, numberOfSamples5=, mappingFileName=, portfolioNumber=, policyCoverages0=, policyCoverages3=, portfolioId5=, policyCoverages4=, policyCoverages1=, portfolioId3=, policyCoverages2=, portfolioId4=, fileFormat=, policyCoverages5=, subPeril2=, subPeril3=, subPeril0=, subPeril1=, subPeril4=, subPeril5=, scaleExposureValues5=, scaleExposureValues4=, scaleExposureValues3=, petDataVersion2=, petDataVersion1=, petDataVersion0=, petDataVersion5=, petDataVersion4=, petDataVersion3=, numberOfPeriods1=, numberOfPeriods0=, policyPerRisk1=, policyPerRisk0=, accntFilePath=, scaleExposureValues2=, insuranceType5=, scaleExposureValues1=, insuranceType4=, scaleExposureValues0=, unknownForPrimaryCharacteristics3=, alternateVulnCode5=, alternateVulnCode4=, unknownForPrimaryCharacteristics4=, unknownForPrimaryCharacteristics1=, unknownForPrimaryCharacteristics2=, alternateVulnCode1=, policyPerRisk5=, alternateVulnCode0=, unknownForPrimaryCharacteristics0=, policyPerRisk4=, alternateVulnCode3=, policyPerRisk3=, alternateVulnCode2=, policyPerRisk2=, description4=, description5=, description2=, description3=, description0=, description1=, secondaryPerils5=, sysJobIdEdmUpload=, secondaryPerils3=, secondaryPerils4=, secondaryPerils1=, numberOfPeriods5=, secondaryPerils2=, numberOfPeriods4=, numberOfPeriods3=, secondaryPerils0=, numberOfPeriods2=, petName0=, petName1=, locationPerRisk2=, dbType=, locationPerRisk1=, locationPerRisk0=, petName2=, petName3=, locationPerRisk5=, petName4=, locationPerRisk4=, locationPerRisk3=, petName5=, vulnerabilitySetId3=, region0=, region1=, region2=, endYear4=, region3=, endYear5=, endYear2=, endYear3=, endYear0=, endYear1=, accntFileName=, analysisType1=, analysisType0=, analysisType3=, portfolioName=, analysisType2=, analysisType5=, analysisType4=, dynamicAutomobileModeling5=, dynamicAutomobileModeling3=, dynamicAutomobileModeling4=, dynamicAutomobileModeling1=, dynamicAutomobileModeling2=, dynamicAutomobileModeling0=, applyPLA4=, applyPLA3=, ifUploadImportExpo=, LabelRegion4=, LabelRegion5=, applyPLA5=, applyPLA0=, LabelRegion2=, LabelRegion3=, LabelRegion0=, applyPLA2=, LabelRegion1=, applyPLA1=, subRegions3=, subRegions4=, subRegions5=, subRegions0=, subRegions1=, unknownForPrimaryCharacteristics5=, subRegions2=, coverage4=, coverage5=, coverage2=, locFileName=, coverage3=, coverage0=, coverage1=, vendor4=, vendor5=, vendor2=, vendor3=, vendor0=, vendor1=, fireOnly0=, fireOnly1=, caseNo=, fire4=, fire5=, eventRateSchemeId1=, fire2=, eventRateSchemeId0=, fire3=, fire0=, run1dOnly5=, fire1=, run1dOnly4=, run1dOnly3=, run1dOnly2=, run1dOnly1=, run1dOnly0=, fireOnly2=, eventRateSchemeId3=, region4=, eventRateSchemeId2=, fireOnly3=, region5=, fireOnly4=, eventRateSchemeId5=, eventRateSchemeId4=, fireOnly5=, edmFilePath=, subPerils2=, subPerils1=, subPerils0=, perilOverride4=, perilOverride5=, perilOverride0=, gmpeName3=, perilOverride1=, gmpeName2=, perilOverride2=, gmpeName5=, perilOverride3=, gmpeName4=, gmpeName1=, gmpeName0=, optServerName=, isGeoCoded0=, includePluvial3=, startYear0=, isGeoCoded1=, includePluvial4=, startYear1=, isGeoCoded2=, includePluvial5=, startYear2=, isGeoCoded3=, startYear3=, isGeoCoded4=, includePluvial0=, startYear4=, isGeoCoded5=, includePluvial1=, startYear5=, includePluvial2=, mappingFilePath=, sysJobIdMriImport=, peril3=, specialtyModels4=, peril2=, specialtyModels5=, peril1=, peril0=, specialtyModels0=, specialtyModels1=, specialtyModels2=, peril5=, specialtyModels3=, peril4=, ifRun=, importDescrp=, optShareGroup=, locFilePath=, property5=, includeBespokeDefence4=, includeBespokeDefence3=, version4=, version5=, includeBespokeDefence5=, includeBespokeDefence0=, version2=, version3=, version0=, includeBespokeDefence2=, version1=, includeBespokeDefence1=, subPerils5=, subPerils4=, edmFileName=, subPerils3=, optEdmDatabaseStorage=}]]>
              </value>
            </param>
          </params>
          <reporter-output>
          </reporter-output>
        </test-method> <!-- executeSingleInputCsv -->
        <test-method signature="executeSingleInputCsv(java.util.Map)[pri:0, instance:automation.merge.SingleInputClass@6e20b53a]" started-at="2024-03-03T09:02:40 PST" name="executeSingleInputCsv" data-provider="loadFromCSV" finished-at="2024-03-03T09:02:40 PST" duration-ms="0" status="PASS">
          <params>
            <param index="0">
              <value>
                <![CDATA[{fileExt=, mfId5=, mfId4=, property2=, property1=, property4=, property3=, property0=, modelRegion0=, modelRegion2=, modelRegion1=, modelRegion4=, modelRegion3=, gmpeCode0=, gmpeCode1=, modelRegion5=, gmpeCode2=, gmpeCode3=, gmpeCode4=, ifDefaultMapping=, gmpeCode5=, mfId3=, mfId2=, mfId1=, mfId0=, excludePostalCodes2=, excludePostalCodes1=, excludePostalCodes4=, excludePostalCodes3=, excludePostalCodes5=, engine1=, insuranceType1=, analysisMode1=, ignoreContractDates5=, engine0=, insuranceType0=, analysisMode2=, insuranceType3=, analysisMode0=, insuranceType2=, ignoreContractDates1=, analysisMode5=, ignoreContractDates2=, ignoreContractDates3=, analysisMode3=, ignoreContractDates4=, analysisMode4=, defenceOn3=, defenceOn4=, defenceOn5=, ignoreContractDates0=, engine5=, defenceOn0=, engine4=, importCurrency=, defenceOn1=, engine3=, engine2=, defenceOn2=, ifCreateEdm=, ifCreateModelProfile=, excludePostalCodes0=, edmDatasourceName=, numberOfSamples0=, portfolioId1=, portfolioId2=, portfolioId0=, numberOfSamples4=, numberOfSamples3=, numberOfSamples2=, numberOfSamples1=, numberOfSamples5=, mappingFileName=, portfolioNumber=, policyCoverages0=, policyCoverages3=, portfolioId5=, policyCoverages4=, policyCoverages1=, portfolioId3=, policyCoverages2=, portfolioId4=, fileFormat=, policyCoverages5=, subPeril2=, subPeril3=, subPeril0=, subPeril1=, subPeril4=, subPeril5=, scaleExposureValues5=, scaleExposureValues4=, scaleExposureValues3=, petDataVersion2=, petDataVersion1=, petDataVersion0=, petDataVersion5=, petDataVersion4=, petDataVersion3=, numberOfPeriods1=, numberOfPeriods0=, policyPerRisk1=, policyPerRisk0=, accntFilePath=, scaleExposureValues2=, insuranceType5=, scaleExposureValues1=, insuranceType4=, scaleExposureValues0=, unknownForPrimaryCharacteristics3=, alternateVulnCode5=, alternateVulnCode4=, unknownForPrimaryCharacteristics4=, unknownForPrimaryCharacteristics1=, unknownForPrimaryCharacteristics2=, alternateVulnCode1=, policyPerRisk5=, alternateVulnCode0=, unknownForPrimaryCharacteristics0=, policyPerRisk4=, alternateVulnCode3=, policyPerRisk3=, alternateVulnCode2=, policyPerRisk2=, description4=, description5=, description2=, description3=, description0=, description1=, secondaryPerils5=, sysJobIdEdmUpload=, secondaryPerils3=, secondaryPerils4=, secondaryPerils1=, numberOfPeriods5=, secondaryPerils2=, numberOfPeriods4=, numberOfPeriods3=, secondaryPerils0=, numberOfPeriods2=, petName0=, petName1=, locationPerRisk2=, dbType=, locationPerRisk1=, locationPerRisk0=, petName2=, petName3=, locationPerRisk5=, petName4=, locationPerRisk4=, locationPerRisk3=, petName5=, vulnerabilitySetId3=, region0=, region1=, region2=, endYear4=, region3=, endYear5=, endYear2=, endYear3=, endYear0=, endYear1=, accntFileName=, analysisType1=, analysisType0=, analysisType3=, portfolioName=, analysisType2=, analysisType5=, analysisType4=, dynamicAutomobileModeling5=, dynamicAutomobileModeling3=, dynamicAutomobileModeling4=, dynamicAuto
[...]
          <params>
            <param index="0">
              <value is-null="true"/>
            </param>
          </params>
          <reporter-output>
          </reporter-output>
        </test-method> <!-- executeSingleInputCsv -->
        <test-method signature="executeSingleInputCsv(java.util.Map)[pri:0, instance:automation.merge.SingleInputClass@6e20b53a]" started-at="2024-03-03T09:02:40 PST" name="executeSingleInputCsv" data-provider="loadFromCSV" finished-at="2024-03-03T09:02:40 PST" duration-ms="0" status="PASS">
          <params>
            <param index="0">
              <value is-null="true"/>
            </param>
          </params>
          <reporter-output>
          </reporter-output>
        </test-method> <!-- executeSingleInputCsv -->
        <test-method signature="executeSingleInputCsv(java.util.Map)[pri:0, instance:automation.merge.SingleInputClass@6e20b53a]" started-at="2024-03-03T09:02:40 PST" name="executeSingleInputCsv" data-provider="loadFromCSV" finished-at="2024-03-03T09:02:40 PST" duration-ms="0" status="PASS">
          <params>
            <param index="0">
              <value is-null="true"/>
            </param>
          </params>
          <reporter-output>
          </reporter-output>
        </test-method> <!-- executeSingleInputCsv -->
        <test-method signature="executeSingleInputCsv(java.util.Map)[pri:0, instance:automation.merge.SingleInputClass@6e20b53a]" started-at="2024-03-03T09:02:40 PST" name="executeSingleInputCsv" data-provider="loadFromCSV" finished-at="2024-03-03T09:02:40 PST" duration-ms="0" status="PASS">
          <params>
            <param index="0">
              <value is-null="true"/>
            </param>
          </params>
          <reporter-output>
          </reporter-output>
        </test-method> <!-- executeSingleInputCsv -->
        <test-method signature="executeSingleInputCsv(java.util.Map)[pri:0, instance:automation.merge.SingleInputClass@6e20b53a]" started-at="2024-03-03T09:02:40 PST" name="executeSingleInputCsv" data-provider="loadFromCSV" finished-at="2024-03-03T09:02:40 PST" duration-ms="0" status="PASS">
          <params>
            <param index="0">
              <value is-null="true"/>
            </param>
          </params>
          <reporter-output>
          </reporter-output>
        </test-method> <!-- executeSingleInputCsv -->
        <test-method signature="executeSingleInputCsv(java.util.Map)[pri:0, instance:automation.merge.SingleInputClass@6e20b53a]" started-at="2024-03-03T09:02:40 PST" name="executeSingleInputCsv" data-provider="loadFromCSV" finished-at="2024-03-03T09:02:40 PST" duration-ms="0" status="PASS">
          <params>
            <param index="0">
              <value is-null="true"/>
            </param>
          </params>
          <reporter-output>
          </reporter-output>
        </test-method> <!-- executeSingleInputCsv -->
        <test-method signature="executeSingleInputCsv(java.util.Map)[pri:0, instance:automation.merge.SingleInputClass@6e20b53a]" started-at="2024-03-03T09:02:40 PST" name="executeSingleInputCsv" data-provider="loadFromCSV" finished-at="2024-03-03T09:02:40 PST" duration-ms="0" status="PASS">
          <params>
            <param index="0">
              <value is-null="true"/>
            </param>
          </params>
          <reporter-output>
          </reporter-output>
        </test-method> <!-- executeSingleInputCsv -->
        <test-method signature="executeSingleInputCsv(java.util.Map)[pri:0, instance:automation.merge.SingleInputClass@6e20b53a]" started-at="2024-03-03T09:02:40 PST" name="executeSingleInputCsv" data-provider="loadFromCSV" finished-at="2024-03-03T09:02:40 PST" duration-ms="0" status="PASS">
          <params>
            <param index="0">
              <value is-null="true"/>
            </param>
          </params>
          <reporter-output>
          </reporter-output>
        </test-method> <!-- executeSingleInputCsv -->
        <test-method signature="executeSingleInputCsv(java.util.Map)[pri:0, instance:automation.merge.SingleInputClass@6e20b53a]" started-at="2024-03-03T09:02:40 PST" name="executeSingleInputCsv" data-provider="loadFromCSV" finished-at="2024-03-03T09:02:40 PST" duration-ms="0" status="PASS">
          <params>
            <param index="0">
              <value is-null="true"/>
            </param>
          </params>
          <reporter-output>
          </reporter-output>
        </test-method> <!-- executeSingleInputCsv -->
        <test-method signature="executeSingleInputCsv(java.util.Map)[pri:0, instance:automation.merge.SingleInputClass@6e20b53a]" started-at="2024-03-03T09:02:40 PST" name="executeSingleInputCsv" data-provider="loadFromCSV" finished-at="2024-03-03T09:02:40 PST" duration-ms="0" status="PASS">
          <params>
            <param index="0">
              <value is-null="true"/>
            </param>
          </params>
          <reporter-output>
          </reporter-output>
        </test-method> <!-- executeSingleInputCsv -->
        <test-method signature="executeSingleInputCsv(java.util.Map)[pri:0, instance:automation.merge.SingleInputClass@6e20b53a]" started-at="2024-03-03T09:02:40 PST" name="executeSingleInputCsv" data-provider="loadFromCSV" finished-at="2024-03-03T09:02:40 PST" duration-ms="0" status="PASS">
          <params>
            <param index="0">
              <value is-null="true"/>
            </param>
          </params>
          <reporter-output>
          </reporter-output>
        </test-method> <!-- executeSingleInputCsv -->
        <test-method signature="executeSingleInputCsv(java.util.Map)[pri:0, instance:automation.merge.SingleInputClass@6e20b53a]" started-at="2024-03-03T09:02:40 PST" name="executeSingleInputCsv" data-provider="loadFromCSV" finished-at="2024-03-03T09:02:40 PST" duration-ms="0" status="PASS">
          <params>
            <param index="0">
              <value is-null="true"/>
            </param>
          </params>
          <reporter-output>
          </reporter-output>
        </test-method> <!-- executeSingleInputCsv -->
        <test-method signature="executeSingleInputCsv(java.util.Map)[pri:0, instance:automation.merge.SingleInputClass@6e20b53a]" started-at="2024-03-03T09:02:40 PST" name="executeSingleInputCsv" data-provider="loadFromCSV" finished-at="2024-03-03T09:02:40 PST" duration-ms="0" status="PASS">
          <params>
            <param index="0">
              <value is-null="true"/>
            </param>
          </params>
          <reporter-output>
          </reporter-output>
        </test-method> <!-- executeSingleInputCsv -->
        <test-method signature="executeSingleInputCsv(java.util.Map)[pri:0, instance:automation.merge.SingleInputClass@6e20b53a]" started-at="2024-03-03T09:02:40 PST" name="executeSingleInputCsv" data-provider="loadFromCSV" finished-at="2024-03-03T09:02:40 PST" duration-ms="0" status="PASS">
          <params>
            <param index="0">
              <value is-null="true"/>
            </param>
          </params>
          <reporter-output>
          </reporter-output>
        </test-method> <!-- executeSingleInputCsv -->
        <test-method signature="executeSingleInputCsv(java.util.Map)[pri:0, instance:automation.merge.SingleInputClass@6e20b53a]" started-at="2024-03-03T09:02:40 PST" name="executeSingleInputCsv" data-provider="loadFromCSV" finished-at="2024-03-03T09:02:40 PST" duration-ms="0" status="PASS">
          <params>
            <param index="0">
              <value is-null="true"/>
            </param>
          </params>
          <reporter-output>
          </reporter-output>
        </test-method> <!-- executeSingleInputCsv -->
        <test-method signature="executeSingleInputCsv(java.util.Map)[pri:0, instance:automation.merge.SingleInputClass@6e20b53a]" started-at="2024-03-03T09:02:40 PST" name="executeSingleInputCsv" data-provider="loadFromCSV" finished-at="2024-03-03T09:02:40 PST" duration-ms="0" status="PASS">
          <params>
            <param index="0">
              <value is-null="true"/>
            </param>
          </params>
          <reporter-output>
          </reporter-output>
        </test-method> <!-- executeSingleInputCsv -->
        <test-method signature="executeSingleInputCsv(java.util.Map)[pri:0, instance:automation.merge.SingleInputClass@6e20b53a]" started-at="2024-03-03T09:02:40 PST" name="executeSingleInputCsv" data-provider="loadFromCSV" finished-at="2024-03-03T09:02:40 PST" duration-ms="0" status="PASS">
          <params>
            <param index="0">
              <value is-null="true"/>
            </param>
          </params>
          <reporter-output>
          </reporter-output>
        </test-method> <!-- executeSingleInputCsv -->
        <test-method signature="executeSingleInputCsv(java.util.Map)[pri:0, instance:automation.merge.SingleInputClass@6e20b53a]" started-at="2024-03-03T09:02:40 PST" name="executeSingleInputCsv" data-provider="loadFromCSV" finished-at="2024-03-03T09:02:40 PST" duration-ms="0" status="PASS">
          <params>
            <param index="0">
              <value is-null="true"/>
            </param>
          </params>
          <reporter-output>
          </reporter-output>
        </test-method> <!-- executeSingleInputCsv -->
        <test-method signature="executeSingleInputCsv(java.util.Map)[pri:0, instance:automation.merge.SingleInputClass@6e20b53a]" started-at="2024-03-03T09:02:40 PST" name="executeSingleInputCsv" data-provider="loadFromCSV" finished-at="2024-03-03T09:02:40 PST" duration-ms="0" status="PASS">
          <params>
            <param index="0">
              <value is-null="true"/>
            </param>
          </params>
          <reporter-output>
          </reporter-output>
        </test-method> <!-- executeSingleInputCsv -->
        <test-method signature="executeSingleInputCsv(java.util.Map)[pri:0, instance:automation.merge.SingleInputClass@6e20b53a]" started-at="2024-03-03T09:02:40 PST" name="executeSingleInputCsv" data-provider="loadFromCSV" finished-at="2024-03-03T09:02:40 PST" duration-ms="0" status="PASS">
          <params>
            <param index="0">
              <value is-null="true"/>
            </param>
          </params>
          <reporter-output>
          </reporter-output>
        </test-method> <!-- executeSingleInputCsv -->
        <test-method signature="executeSingleInputCsv(java.util.Map)[pri:0, instance:automation.merge.SingleInputClass@6e20b53a]" started-at="2024-03-03T09:02:40 PST" name="executeSingleInputCsv" data-provider="loadFromCSV" finished-at="2024-03-03T09:02:40 PST" duration-ms="0" status="PASS">
          <params>
            <param index="0">
              <value is-null="true"/>
            </param>
          </params>
          <reporter-output>
          </reporter-output>
        </test-method> <!-- executeSingleInputCsv -->
        <test-method signature="executeSingleInputCsv(java.util.Map)[pri:0, instance:automation.merge.SingleInputClass@6e20b53a]" started-at="2024-03-03T09:02:40 PST" name="executeSingleInputCsv" data-provider="loadFromCSV" finished-at="2024-03-03T09:02:40 PST" duration-ms="0" status="PASS">
          <params>
            <param index="0">
              <value is-null="true"/>
            </param>
          </params>
          <reporter-output>
          </reporter-output>
        </test-method> <!-- executeSingleInputCsv -->
        <test-method signature="executeSingleInputCsv(java.util.Map)[pri:0, instance:automation.merge.SingleInputClass@6e20b53a]" started-at="2024-03-03T09:02:40 PST" name="executeSingleInputCsv" data-provider="loadFromCSV" finished-at="2024-03-03T09:02:40 PST" duration-ms="0" status="PASS">
          <params>
            <param index="0">
              <value is-null="true"/>
            </param>
          </params>
          <reporter-output>
          </reporter-output>
        </test-method> <!-- executeSingleInputCsv -->
        <test-method signature="executeSingleInputCsv(java.util.Map)[pri:0, instance:automation.merge.SingleInputClass@6e20b53a]" started-at="2024-03-03T09:02:40 PST" name="executeSingleInputCsv" data-provider="loadFromCSV" finished-at="2024-03-03T09:02:40 PST" duration-ms="0" status="PASS">
          <params>
            <param index="0">
              <value is-null="true"/>
            </param>
          </params>
          <reporter-output>
          </reporter-output>
        </test-method> <!-- executeSingleInputCsv -->
        <test-method signature="executeSingleInputCsv(java.util.Map)[pri:0, instance:automation.merge.SingleInputClass@6e20b53a]" started-at="2024-03-03T09:02:40 PST" name="executeSingleInputCsv" data-provider="loadFromCSV" finished-at="2024-03-03T09:02:40 PST" duration-ms="0" status="PASS">
          <params>
            <param index="0">
              <value is-null="true"/>
            </param>
          </params>
          <reporter-output>
          </reporter-output>
        </test-method> <!-- executeSingleInputCsv -->
        <test-method signature="executeSingleInputCsv(java.util.Map)[pri:0, instance:automation.merge.SingleInputClass@6e20b53a]" started-at="2024-03-03T09:02:40 PST" name="executeSingleInputCsv" data-provider="loadFromCSV" finished-at="2024-03-03T09:02:40 PST" duration-ms="0" status="PASS">
          <params>
            <param index="0">
              <value is-null="true"/>
            </param>
          </params>
          <reporter-output>
          </reporter-output>
        </test-method> <!-- executeSingleInputCsv -->
        <test-method signature="executeSingleInputCsv(java.util.Map)[pri:0, instance:automation.merge.SingleInputClass@6e20b53a]" started-at="2024-03-03T09:02:40 PST" name="executeSingleInputCsv" data-provider="loadFromCSV" finished-at="2024-03-03T09:02:40 PST" duration-ms="0" status="PASS">
          <params>
            <param index="0">
              <value is-null="true"/>
            </param>
          </params>
          <reporter-output>
          </reporter-output>
        </test-method> <!-- executeSingleInputCsv -->
        <test-method signature="executeSingleInputCsv(java.util.Map)[pri:0, instance:automation.merge.SingleInputClass@6e20b53a]" started-at="2024-03-03T09:02:40 PST" name="executeSingleInputCsv" data-provider="loadFromCSV" finished-at="2024-03-03T09:02:40 PST" duration-ms="0" status="PASS">
          <params>
            <param index="0">
              <value is-null="true"/>
            </param>
          </params>
          <reporter-output>
          </reporter-output>
        </test-method> <!-- executeSingleInputCsv -->
        <test-method signature="executeSingleInputCsv(java.util.Map)[pri:0, instance:automation.merge.SingleInputClass@6e20b53a]" started-at="2024-03-03T09:02:40 PST" name="executeSingleInputCsv" data-provider="loadFromCSV" finished-at="2024-03-03T09:02:40 PST" duration-ms="0" status="PASS">
          <params>
            <param index="0">
              <value is-null="true"/>
            </param>
          </params>
          <reporter-output>
          </reporter-output>
        </test-method> <!-- executeSingleInputCsv -->
        <test-method signature="executeSingleInputCsv(java.util.Map)[pri:0, instance:automation.merge.SingleInputClass@6e20b53a]" started-at="2024-03-03T09:02:40 PST" name="executeSingleInputCsv" data-provider="loadFromCSV" finished-at="2024-03-03T09:02:40 PST" duration-ms="0" status="PASS">
          <params>
            <param index="0">
              <value is-null="true"/>
            </param>
          </params>
          <reporter-output>
          </reporter-output>
        </test-method> <!-- executeSingleInputCsv -->
        <test-method signature="executeSingleInputCsv(java.util.Map)[pri:0, instance:automation.merge.SingleInputClass@6e20b53a]" started-at="2024-03-03T09:02:40 PST" name="executeSingleInputCsv" data-provider="loadFromCSV" finished-at="2024-03-03T09:02:40 PST" duration-ms="0" status="PASS">
          <params>
            <param index="0">
              <value is-null="true"/>
            </param>
          </params>
          <reporter-output>
          </reporter-output>
        </test-method> <!-- executeSingleInputCsv -->
        <test-method signature="executeSingleInputCsv(java.util.Map)[pri:0, instance:automation.merge.SingleInputClass@6e20b53a]" started-at="2024-03-03T09:02:40 PST" name="executeSingleInputCsv" data-provider="loadFromCSV" finished-at="2024-03-03T09:02:40 PST" duration-ms="0" status="PASS">
          <params>
            <param index="0">
              <value is-null="true"/>
            </param>
          </params>
          <reporter-output>
          </reporter-output>
        </test-method> <!-- executeSingleInputCsv -->
        <test-method signature="executeSingleInputCsv(java.util.Map)[pri:0, instance:automation.merge.SingleInputClass@6e20b53a]" started-at="2024-03-03T09:02:40 PST" name="executeSingleInputCsv" data-provider="loadFromCSV" finished-at="2024-03-03T09:02:40 PST" duration-ms="0" status="PASS">
          <params>
            <param index="0">
              <value is-null="true"/>
            </param>
          </params>
          <reporter-output>
          </reporter-output>
        </test-method> <!-- executeSingleInputCsv -->
        <test-method signature="executeSingleInputCsv(java.util.Map)[pri:0, instance:automation.merge.SingleInputClass@6e20b53a]" started-at="2024-03-03T09:02:40 PST" name="executeSingleInputCsv" data-provider="loadFromCSV" finished-at="2024-03-03T09:02:40 PST" duration-ms="0" status="PASS">
          <params>
            <param index="0">
              <value is-null="true"/>
            </param>
          </params>
          <reporter-output>
          </reporter-output>
        </test-method> <!-- executeSingleInputCsv -->
        <test-method signature="executeSingleInputCsv(java.util.Map)[pri:0, instance:automation.merge.SingleInputClass@6e20b53a]" started-at="2024-03-03T09:02:40 PST" name="executeSingleInputCsv" data-provider="loadFromCSV" finished-at="2024-03-03T09:02:40 PST" duration-ms="0" status="PASS">
          <params>
            <param index="0">
              <value is-null="true"/>
            </param>
          </params>
          <reporter-output>
          </reporter-output>
        </test-method> <!-- executeSingleInputCsv -->
        <test-method signature="executeSingleInputCsv(java.util.Map)[pri:0, instance:automation.merge.SingleInputClass@6e20b53a]" started-at="2024-03-03T09:02:40 PST" name="executeSingleInputCsv" data-provider="loadFromCSV" finished-at="2024-03-03T09:02:40 PST" duration-ms="0" status="PASS">
          <params>
            <param index="0">
              <value is-null="true"/>
            </param>
          </params>
          <reporter-output>
          </reporter-output>
        </test-method> <!-- executeSingleInputCsv -->
        <test-method signature="executeSingleInputCsv(java.util.Map)[pri:0, instance:automation.merge.SingleInputClass@6e20b53a]" started-at="2024-03-03T09:02:40 PST" name="executeSingleInputCsv" data-provider="loadFromCSV" finished-at="2024-03-03T09:02:40 PST" duration-ms="0" status="PASS">
          <params>
            <param index="0">
              <value is-null="true"/>
            </param>
          </params>
          <reporter-output>
          </reporter-output>
        </test-method> <!-- executeSingleInputCsv -->
      </class> <!-- automation.merge.SingleInputClass -->
      <class name="automation.Test1">
        <test-method signature="Testf()[pri:0, instance:automation.Test1@4cc451f2]" started-at="2024-03-03T09:02:40 PST" name="Testf" finished-at="2024-03-03T09:02:40 PST" duration-ms="0" status="PASS">
          <reporter-output>
          </reporter-output>
        </test-method> <!-- Testf -->
      </class> <!-- automation.Test1 -->
    </test> <!-- Test -->
  </suite> <!-- Suite -->
</testng-results>
