<?xml version="1.0" encoding="UTF-8"?>
<!-- Generated by org.testng.reporters.JUnitXMLReporter -->
<testsuite ignored="0" hostname="GD4XT9C45H" failures="0" tests="311" name="Test" time="0.119" errors="0" timestamp="2024-03-03T09:02:40 PST">
  <testcase classname="com.rms.automation.merge.SingleInputClass" name="executeSingleInputCsv" time="0.001"/>
  <testcase classname="com.rms.automation.merge.SingleInputClass" name="executeSingleInputCsv" time="0.0"/>
  <testcase classname="com.rms.automation.merge.SingleInputClass" name="executeSingleInputCsv" time="0.0"/>
  <testcase classname="com.rms.automation.merge.SingleInputClass" name="executeSingleInputCsv" time="0.0"/>
  <testcase classname="com.rms.automation.merge.SingleInputClass" name="executeSingleInputCsv" time="0.0"/>
  <testcase classname="com.rms.automation.merge.SingleInputClass" name="executeSingleInputCsv" time="0.0"/>
  <testcase classname="com.rms.automation.merge.SingleInputClass" name="executeSingleInputCsv" time="0.0"/>
  <testcase classname="com.rms.automation.merge.SingleInputClass" name="executeSingleInputCsv" time="0.001"/>
  <testcase classname="com.rms.automation.merge.SingleInputClass" name="executeSingleInputCsv" time="0.0"/>
  <testcase classname="com.rms.automation.merge.SingleInputClass" name="executeSingleInputCsv" time="0.001"/>
  <testcase classname="com.rms.automation.merge.SingleInputClass" name="executeSingleInputCsv" time="0.0"/>
  <testcase classname="com.rms.automation.merge.SingleInputClass" name="executeSingleInputCsv" time="0.0"/>
  <testcase classname="com.rms.automation.merge.SingleInputClass" name="executeSingleInputCsv" time="0.0"/>
  <testcase classname="com.rms.automation.merge.SingleInputClass" name="executeSingleInputCsv" time="0.0"/>
  <testcase classname="com.rms.automation.merge.SingleInputClass" name="executeSingleInputCsv" time="0.0"/>
  <testcase classname="com.rms.automation.merge.SingleInputClass" name="executeSingleInputCsv" time="0.0"/>
  <testcase classname="com.rms.automation.merge.SingleInputClass" name="executeSingleInputCsv" time="0.0"/>
  <testcase classname="com.rms.automation.merge.SingleInputClass" name="executeSingleInputCsv" time="0.001"/>
  <testcase classname="com.rms.automation.merge.SingleInputClass" name="executeSingleInputCsv" time="0.0"/>
  <testcase classname="com.rms.automation.merge.SingleInputClass" name="executeSingleInputCsv" time="0.0"/>
  <testcase classname="com.rms.automation.merge.SingleInputClass" name="executeSingleInputCsv" time="0.0"/>
  <testcase classname="com.rms.automation.merge.SingleInputClass" name="executeSingleInputCsv" time="0.0"/>
  <testcase classname="com.rms.automation.merge.SingleInputClass" name="executeSingleInputCsv" time="0.0"/>
  <testcase classname="com.rms.automation.merge.SingleInputClass" name="executeSingleInputCsv" time="0.0"/>
  <testcase classname="com.rms.automation.merge.SingleInputClass" name="executeSingleInputCsv" time="0.0"/>
  <testcase classname="com.rms.automation.merge.SingleInputClass" name="executeSingleInputCsv" time="0.0"/>
  <testcase classname="com.rms.automation.merge.SingleInputClass" name="executeSingleInputCsv" time="0.0"/>
  <testcase classname="com.rms.automation.merge.SingleInputClass" name="executeSingleInputCsv" time="0.0"/>
  <testcase classname="com.rms.automation.merge.SingleInputClass" name="executeSingleInputCsv" time="0.0"/>
  <testcase classname="com.rms.automation.merge.SingleInputClass" name="executeSingleInputCsv" time="0.0"/>
  <testcase classname="com.rms.automation.merge.SingleInputClass" name="executeSingleInputCsv" time="0.0"/>
  <testcase classname="com.rms.automation.merge.SingleInputClass" name="executeSingleInputCsv" time="0.0"/>
  <testcase classname="com.rms.automation.merge.SingleInputClass" name="executeSingleInputCsv" time="0.0"/>
  <testcase classname="com.rms.automation.merge.SingleInputClass" name="executeSingleInputCsv" time="0.0"/>
  <testcase classname="com.rms.automation.merge.SingleInputClass" name="executeSingleInputCsv" time="0.0"/>
  <testcase classname="com.rms.automation.merge.SingleInputClass" name="executeSingleInputCsv" time="0.0"/>
  <testcase classname="com.rms.automation.merge.SingleInputClass" name="executeSingleInputCsv" time="0.0"/>
  <testcase classname="com.rms.automation.merge.SingleInputClass" name="executeSingleInputCsv" time="0.0"/>
  <testcase classname="com.rms.automation.merge.SingleInputClass" name="executeSingleInputCsv" time="0.0"/>
  <testcase classname="com.rms.automation.merge.SingleInputClass" name="executeSingleInputCsv" time="0.0"/>
  <testcase classname="com.rms.automation.merge.SingleInputClass" name="executeSingleInputCsv" time="0.0"/>
  <testcase classname="com.rms.automation.merge.SingleInputClass" name="executeSingleInputCsv" time="0.0"/>
  <testcase classname="com.rms.automation.merge.SingleInputClass" name="executeSingleInputCsv" time="0.0"/>
  <testcase classname="com.rms.automation.merge.SingleInputClass" name="executeSingleInputCsv" time="0.0"/>
  <testcase classname="com.rms.automation.merge.SingleInputClass" name="executeSingleInputCsv" time="0.0"/>
  <testcase classname="com.rms.automation.merge.SingleInputClass" name="executeSingleInputCsv" time="0.0"/>
  <testcase classname="com.rms.automation.merge.SingleInputClass" name="executeSingleInputCsv" time="0.0"/>
  <testcase classname="com.rms.automation.merge.SingleInputClass" name="executeSingleInputCsv" time="0.0"/>
  <testcase classname="com.rms.automation.merge.SingleInputClass" name="executeSingleInputCsv" time="0.0"/>
  <testcase classname="com.rms.automation.merge.SingleInputClass" name="executeSingleInputCsv" time="0.0"/>
  <testcase classname="com.rms.automation.merge.SingleInputClass" name="executeSingleInputCsv" time="0.001"/>
  <testcase classname="com.rms.automation.merge.SingleInputClass" name="executeSingleInputCsv" time="0.0"/>
  <testcase classname="com.rms.automation.merge.SingleInputClass" name="executeSingleInputCsv" time="0.0"/>
  <testcase classname="com.rms.automation.merge.SingleInputClass" name="executeSingleInputCsv" time="0.0"/>
  <testcase classname="com.rms.automation.merge.SingleInputClass" name="executeSingleInputCsv" time="0.0"/>
  <testcase classname="com.rms.automation.merge.SingleInputClass" name="executeSingleInputCsv" time="0.0"/>
  <testcase classname="com.rms.automation.merge.SingleInputClass" name="executeSingleInputCsv" time="0.0"/>
  <testcase classname="com.rms.automation.merge.SingleInputClass" name="executeSingleInputCsv" time="0.0"/>
  <testcase classname="com.rms.automation.merge.SingleInputClass" name="executeSingleInputCsv" time="0.0"/>
  <testcase classname="com.rms.automation.merge.SingleInputClass" name="executeSingleInputCsv" time="0.0"/>
  <testcase classname="com.rms.automation.merge.SingleInputClass" name="executeSingleInputCsv" time="0.001"/>
  <testcase classname="com.rms.automation.merge.SingleInputClass" name="executeSingleInputCsv" time="0.0"/>
  <testcase classname="com.rms.automation.merge.SingleInputClass" name="executeSingleInputCsv" time="0.0"/>
  <testcase classname="com.rms.automation.merge.SingleInputClass" name="executeSingleInputCsv" time="0.0"/>
  <testcase classname="com.rms.automation.merge.SingleInputClass" name="executeSingleInputCsv" time="0.0"/>
  <testcase classname="com.rms.automation.merge.SingleInputClass" name="executeSingleInputCsv" time="0.0"/>
  <testcase classname="com.rms.automation.merge.SingleInputClass" name="executeSingleInputCsv" time="0.0"/>
  <testcase classname="com.rms.automation.merge.SingleInputClass" name="executeSingleInputCsv" time="0.0"/>
  <testcase classname="com.rms.automation.merge.SingleInputClass" name="executeSingleInputCsv" time="0.0"/>
  <testcase classname="com.rms.automation.merge.SingleInputClass" name="executeSingleInputCsv" time="0.0"/>
  <testcase classname="com.rms.automation.merge.SingleInputClass" name="executeSingleInputCsv" time="0.001"/>
  <testcase classname="com.rms.automation.merge.SingleInputClass" name="executeSingleInputCsv" time="0.0"/>
  <testcase classname="com.rms.automation.merge.SingleInputClass" name="executeSingleInputCsv" time="0.0"/>
  <testcase classname="com.rms.automation.merge.SingleInputClass" name="executeSingleInputCsv" time="0.0"/>
  <testcase classname="com.rms.automation.merge.SingleInputClass" name="executeSingleInputCsv" time="0.0"/>
  <testcase classname="com.rms.automation.merge.SingleInputClass" name="executeSingleInputCsv" time="0.0"/>
  <testcase classname="com.rms.automation.merge.SingleInputClass" name="executeSingleInputCsv" time="0.0"/>
  <testcase classname="com.rms.automation.merge.SingleInputClass" name="executeSingleInputCsv" time="0.0"/>
  <testcase classname="com.rms.automation.merge.SingleInputClass" name="executeSingleInputCsv" time="0.0"/>
  <testcase classname="com.rms.automation.merge.SingleInputClass" name="executeSingleInputCsv" time="0.0"/>
  <testcase classname="com.rms.automation.merge.SingleInputClass" name="executeSingleInputCsv" time="0.0"/>
  <testcase classname="com.rms.automation.merge.SingleInputClass" name="executeSingleInputCsv" time="0.001"/>
  <testcase classname="com.rms.automation.merge.SingleInputClass" name="executeSingleInputCsv" time="0.0"/>
  <testcase classname="com.rms.automation.merge.SingleInputClass" name="executeSingleInputCsv" time="0.0"/>
  <testcase classname="com.rms.automation.merge.SingleInputClass" name="executeSingleInputCsv" time="0.0"/>
  <testcase classname="com.rms.automation.merge.SingleInputClass" name="executeSingleInputCsv" time="0.0"/>
  <testcase classname="com.rms.automation.merge.SingleInputClass" name="executeSingleInputCsv" time="0.0"/>
  <testcase classname="com.rms.automation.merge.SingleInputClass" name="executeSingleInputCsv" time="0.0"/>
  <testcase classname="com.rms.automation.merge.SingleInputClass" name="executeSingleInputCsv" time="0.0"/>
  <testcase classname="com.rms.automation.merge.SingleInputClass" name="executeSingleInputCsv" time="0.0"/>
  <testcase classname="com.rms.automation.merge.SingleInputClass" name="executeSingleInputCsv" time="0.0"/>
  <testcase classname="com.rms.automation.merge.SingleInputClass" name="executeSingleInputCsv" time="0.0"/>
  <testcase classname="com.rms.automation.merge.SingleInputClass" name="executeSingleInputCsv" time="0.0"/>
  <testcase classname="com.rms.automation.merge.SingleInputClass" name="executeSingleInputCsv" time="0.0"/>
  <testcase classname="com.rms.automation.merge.SingleInputClass" name="executeSingleInputCsv" time="0.0"/>
  <testcase classname="com.rms.automation.merge.SingleInputClass" name="executeSingleInputCsv" time="0.0"/>
  <testcase classname="com.rms.automation.merge.SingleInputClass" name="executeSingleInputCsv" time="0.0"/>
  <testcase classname="com.rms.automation.merge.SingleInputClass" name="executeSingleInputCsv" time="0.0"/>
  <testcase classname="com.rms.automation.merge.SingleInputClass" name="executeSingleInputCsv" time="0.0"/>
  <testcase classname="com.rms.automation.merge.SingleInputClass" name="executeSingleInputCsv" time="0.0"/>
  <testcase classname="com.rms.automation.merge.SingleInputClass" name="executeSingleInputCsv" time="0.0"/>
  <testcase classname="com.rms.automation.merge.SingleInputClass" name="executeSingleInputCsv" time="0.0"/>
  <testcase classname="com.rms.automation.merge.SingleInputClass" name="executeSingleInputCsv" time="0.0"/>
  <testcase classname="com.rms.automation.merge.SingleInputClass" name="executeSingleInputCsv" time="0.0"/>
  <testcase classname="com.rms.automation.merge.SingleInputClass" name="executeSingleInputCsv" time="0.0"/>
  <testcase classname="com.rms.automation.merge.SingleInputClass" name="executeSingleInputCsv" time="0.0"/>
  <testcase classname="com.rms.automation.merge.SingleInputClass" name="executeSingleInputCsv" time="0.0"/>
  <testcase classname="com.rms.automation.merge.SingleInputClass" name="executeSingleInputCsv" time="0.0"/>
  <testcase classname="com.rms.automation.merge.SingleInputClass" name="executeSingleInputCsv" time="0.0"/>
  <testcase classname="com.rms.automation.merge.SingleInputClass" name="executeSingleInputCsv" time="0.0"/>
  <testcase classname="com.rms.automation.merge.SingleInputClass" name="executeSingleInputCsv" time="0.0"/>
  <testcase classname="com.rms.automation.merge.SingleInputClass" name="executeSingleInputCsv" time="0.0"/>
  <testcase classname="com.rms.automation.merge.SingleInputClass" name="executeSingleInputCsv" time="0.0"/>
  <testcase classname="com.rms.automation.merge.SingleInputClass" name="executeSingleInputCsv" time="0.0"/>
  <testcase classname="com.rms.automation.merge.SingleInputClass" name="executeSingleInputCsv" time="0.0"/>
  <testcase classname="com.rms.automation.merge.SingleInputClass" name="executeSingleInputCsv" time="0.0"/>
  <testcase classname="com.rms.automation.merge.SingleInputClass" name="executeSingleInputCsv" time="0.0"/>
  <testcase classname="com.rms.automation.merge.SingleInputClass" name="executeSingleInputCsv" time="0.0"/>
  <testcase classname="com.rms.automation.merge.SingleInputClass" name="executeSingleInputCsv" time="0.0"/>
  <testcase classname="com.rms.automation.merge.SingleInputClass" name="executeSingleInputCsv" time="0.0"/>
  <testcase classname="com.rms.automation.merge.SingleInputClass" name="executeSingleInputCsv" time="0.0"/>
  <testcase classname="com.rms.automation.merge.SingleInputClass" name="executeSingleInputCsv" time="0.0"/>
  <testcase classname="com.rms.automation.merge.SingleInputClass" name="executeSingleInputCsv" time="0.0"/>
  <testcase classname="com.rms.automation.merge.SingleInputClass" name="executeSingleInputCsv" time="0.0"/>
  <testcase classname="com.rms.automation.merge.SingleInputClass" name="executeSingleInputCsv" time="0.0"/>
  <testcase classname="com.rms.automation.merge.SingleInputClass" name="executeSingleInputCsv" time="0.0"/>
  <testcase classname="com.rms.automation.merge.SingleInputClass" name="executeSingleInputCsv" time="0.0"/>
  <testcase classname="com.rms.automation.merge.SingleInputClass" name="executeSingleInputCsv" time="0.0"/>
  <testcase classname="com.rms.automation.merge.SingleInputClass" name="executeSingleInputCsv" time="0.0"/>
  <testcase classname="com.rms.automation.merge.SingleInputClass" name="executeSingleInputCsv" time="0.0"/>
  <testcase classname="com.rms.automation.merge.SingleInputClass" name="executeSingleInputCsv" time="0.0"/>
  <testcase classname="com.rms.automation.merge.SingleInputClass" name="executeSingleInputCsv" time="0.0"/>
  <testcase classname="com.rms.automation.merge.SingleInputClass" name="executeSingleInputCsv" time="0.0"/>
  <testcase classname="com.rms.automation.merge.SingleInputClass" name="executeSingleInputCsv" time="0.0"/>
  <testcase classname="com.rms.automation.merge.SingleInputClass" name="executeSingleInputCsv" time="0.0"/>
  <testcase classname="com.rms.automation.merge.SingleInputClass" name="executeSingleInputCsv" time="0.0"/>
  <testcase classname="com.rms.automation.merge.SingleInputClass" name="executeSingleInputCsv" time="0.0"/>
  <testcase classname="com.rms.automation.merge.SingleInputClass" name="executeSingleInputCsv" time="0.0"/>
  <testcase classname="com.rms.automation.merge.SingleInputClass" name="executeSingleInputCsv" time="0.0"/>
  <testcase classname="com.rms.automation.merge.SingleInputClass" name="executeSingleInputCsv" time="0.0"/>
  <testcase classname="com.rms.automation.merge.SingleInputClass" name="executeSingleInputCsv" time="0.0"/>
  <testcase classname="com.rms.automation.merge.SingleInputClass" name="executeSingleInputCsv" time="0.0"/>
  <testcase classname="com.rms.automation.merge.SingleInputClass" name="executeSingleInputCsv" time="0.0"/>
  <testcase classname="com.rms.automation.merge.SingleInputClass" name="executeSingleInputCsv" time="0.0"/>
  <testcase classname="com.rms.automation.merge.SingleInputClass" name="executeSingleInputCsv" time="0.0"/>
  <testcase classname="com.rms.automation.merge.SingleInputClass" name="executeSingleInputCsv" time="0.0"/>
  <testcase classname="com.rms.automation.merge.SingleInputClass" name="executeSingleInputCsv" time="0.0"/>
  <testcase classname="com.rms.automation.merge.SingleInputClass" name="executeSingleInputCsv" time="0.0"/>
  <testcase classname="com.rms.automation.merge.SingleInputClass" name="executeSingleInputCsv" time="0.0"/>
  <testcase classname="com.rms.automation.merge.SingleInputClass" name="executeSingleInputCsv" time="0.0"/>
  <testcase classname="com.rms.automation.merge.SingleInputClass" name="executeSingleInputCsv" time="0.0"/>
  <testcase classname="com.rms.automation.merge.SingleInputClass" name="executeSingleInputCsv" time="0.0"/>
  <testcase classname="com.rms.automation.merge.SingleInputClass" name="executeSingleInputCsv" time="0.0"/>
  <testcase classname="com.rms.automation.merge.SingleInputClass" name="executeSingleInputCsv" time="0.0"/>
  <testcase classname="com.rms.automation.merge.SingleInputClass" name="executeSingleInputCsv" time="0.0"/>
  <testcase classname="com.rms.automation.merge.SingleInputClass" name="executeSingleInputCsv" time="0.0"/>
  <testcase classname="com.rms.automation.merge.SingleInputClass" name="executeSingleInputCsv" time="0.0"/>
  <testcase classname="com.rms.automation.merge.SingleInputClass" name="executeSingleInputCsv" time="0.0"/>
  <testcase classname="com.rms.automation.merge.SingleInputClass" name="executeSingleInputCsv" time="0.0"/>
  <testcase classname="com.rms.automation.merge.SingleInputClass" name="executeSingleInputCsv" time="0.0"/>
  <testcase classname="com.rms.automation.merge.SingleInputClass" name="executeSingleInputCsv" time="0.0"/>
  <testcase classname="com.rms.automation.merge.SingleInputClass" name="executeSingleInputCsv" time="0.0"/>
  <testcase classname="com.rms.automation.merge.SingleInputClass" name="executeSingleInputCsv" time="0.0"/>
  <testcase classname="com.rms.automation.merge.SingleInputClass" name="executeSingleInputCsv" time="0.0"/>
  <testcase classname="com.rms.automation.merge.SingleInputClass" name="executeSingleInputCsv" time="0.0"/>
  <testcase classname="com.rms.automation.merge.SingleInputClass" name="executeSingleInputCsv" time="0.0"/>
  <testcase classname="com.rms.automation.merge.SingleInputClass" name="executeSingleInputCsv" time="0.0"/>
  <testcase classname="com.rms.automation.merge.SingleInputClass" name="executeSingleInputCsv" time="0.0"/>
  <testcase classname="com.rms.automation.merge.SingleInputClass" name="executeSingleInputCsv" time="0.0"/>
  <testcase classname="com.rms.automation.merge.SingleInputClass" name="executeSingleInputCsv" time="0.0"/>
  <testcase classname="com.rms.automation.merge.SingleInputClass" name="executeSingleInputCsv" time="0.0"/>
  <testcase classname="com.rms.automation.merge.SingleInputClass" name="executeSingleInputCsv" time="0.0"/>
  <testcase classname="com.rms.automation.merge.SingleInputClass" name="executeSingleInputCsv" time="0.0"/>
  <testcase classname="com.rms.automation.merge.SingleInputClass" name="executeSingleInputCsv" time="0.0"/>
  <testcase classname="com.rms.automation.merge.SingleInputClass" name="executeSingleInputCsv" time="0.0"/>
  <testcase classname="com.rms.automation.merge.SingleInputClass" name="executeSingleInputCsv" time="0.0"/>
  <testcase classname="com.rms.automation.merge.SingleInputClass" name="executeSingleInputCsv" time="0.0"/>
  <testcase classname="com.rms.automation.merge.SingleInputClass" name="executeSingleInputCsv" time="0.0"/>
  <testcase classname="com.rms.automation.merge.SingleInputClass" name="executeSingleInputCsv" time="0.0"/>
  <testcase classname="com.rms.automation.merge.SingleInputClass" name="executeSingleInputCsv" time="0.0"/>
  <testcase classname="com.rms.automation.merge.SingleInputClass" name="executeSingleInputCsv" time="0.0"/>
  <testcase classname="com.rms.automation.merge.SingleInputClass" name="executeSingleInputCsv" time="0.0"/>
  <testcase classname="com.rms.automation.merge.SingleInputClass" name="executeSingleInputCsv" time="0.0"/>
  <testcase classname="com.rms.automation.merge.SingleInputClass" name="executeSingleInputCsv" time="0.0"/>
  <testcase classname="com.rms.automation.merge.SingleInputClass" name="executeSingleInputCsv" time="0.0"/>
  <testcase classname="com.rms.automation.merge.SingleInputClass" name="executeSingleInputCsv" time="0.0"/>
  <testcase classname="com.rms.automation.merge.SingleInputClass" name="executeSingleInputCsv" time="0.0"/>
  <testcase classname="com.rms.automation.merge.SingleInputClass" name="executeSingleInputCsv" time="0.0"/>
  <testcase classname="com.rms.automation.merge.SingleInputClass" name="executeSingleInputCsv" time="0.001"/>
  <testcase classname="com.rms.automation.merge.SingleInputClass" name="executeSingleInputCsv" time="0.0"/>
  <testcase classname="com.rms.automation.merge.SingleInputClass" name="executeSingleInputCsv" time="0.0"/>
  <testcase classname="com.rms.automation.merge.SingleInputClass" name="executeSingleInputCsv" time="0.0"/>
  <testcase classname="com.rms.automation.merge.SingleInputClass" name="executeSingleInputCsv" time="0.0"/>
  <testcase classname="com.rms.automation.merge.SingleInputClass" name="executeSingleInputCsv" time="0.0"/>
  <testcase classname="com.rms.automation.merge.SingleInputClass" name="executeSingleInputCsv" time="0.0"/>
  <testcase classname="com.rms.automation.merge.SingleInputClass" name="executeSingleInputCsv" time="0.0"/>
  <testcase classname="com.rms.automation.merge.SingleInputClass" name="executeSingleInputCsv" time="0.0"/>
  <testcase classname="com.rms.automation.merge.SingleInputClass" name="executeSingleInputCsv" time="0.0"/>
  <testcase classname="com.rms.automation.merge.SingleInputClass" name="executeSingleInputCsv" time="0.0"/>
  <testcase classname="com.rms.automation.merge.SingleInputClass" name="executeSingleInputCsv" time="0.0"/>
  <testcase classname="com.rms.automation.merge.SingleInputClass" name="executeSingleInputCsv" time="0.0"/>
  <testcase classname="com.rms.automation.merge.SingleInputClass" name="executeSingleInputCsv" time="0.0"/>
  <testcase classname="com.rms.automation.merge.SingleInputClass" name="executeSingleInputCsv" time="0.0"/>
  <testcase classname="com.rms.automation.merge.SingleInputClass" name="executeSingleInputCsv" time="0.0"/>
  <testcase classname="com.rms.automation.merge.SingleInputClass" name="executeSingleInputCsv" time="0.0"/>
  <testcase classname="com.rms.automation.merge.SingleInputClass" name="executeSingleInputCsv" time="0.0"/>
  <testcase classname="com.rms.automation.merge.SingleInputClass" name="executeSingleInputCsv" time="0.0"/>
  <testcase classname="com.rms.automation.merge.SingleInputClass" name="executeSingleInputCsv" time="0.0"/>
  <testcase classname="com.rms.automation.merge.SingleInputClass" name="executeSingleInputCsv" time="0.0"/>
  <testcase classname="com.rms.automation.merge.SingleInputClass" name="executeSingleInputCsv" time="0.0"/>
  <testcase classname="com.rms.automation.merge.SingleInputClass" name="executeSingleInputCsv" time="0.0"/>
  <testcase classname="com.rms.automation.merge.SingleInputClass" name="executeSingleInputCsv" time="0.0"/>
  <testcase classname="com.rms.automation.merge.SingleInputClass" name="executeSingleInputCsv" time="0.0"/>
  <testcase classname="com.rms.automation.merge.SingleInputClass" name="executeSingleInputCsv" time="0.0"/>
  <testcase classname="com.rms.automation.merge.SingleInputClass" name="executeSingleInputCsv" time="0.0"/>
  <testcase classname="com.rms.automation.merge.SingleInputClass" name="executeSingleInputCsv" time="0.0"/>
  <testcase classname="com.rms.automation.merge.SingleInputClass" name="executeSingleInputCsv" time="0.0"/>
  <testcase classname="com.rms.automation.merge.SingleInputClass" name="executeSingleInputCsv" time="0.0"/>
  <testcase classname="com.rms.automation.merge.SingleInputClass" name="executeSingleInputCsv" time="0.0"/>
  <testcase classname="com.rms.automation.merge.SingleInputClass" name="executeSingleInputCsv" time="0.0"/>
  <testcase classname="com.rms.automation.merge.SingleInputClass" name="executeSingleInputCsv" time="0.001"/>
  <testcase classname="com.rms.automation.merge.SingleInputClass" name="executeSingleInputCsv" time="0.0"/>
  <testcase classname="com.rms.automation.merge.SingleInputClass" name="executeSingleInputCsv" time="0.0"/>
  <testcase classname="com.rms.automation.merge.SingleInputClass" name="executeSingleInputCsv" time="0.0"/>
  <testcase classname="com.rms.automation.merge.SingleInputClass" name="executeSingleInputCsv" time="0.0"/>
  <testcase classname="com.rms.automation.merge.SingleInputClass" name="executeSingleInputCsv" time="0.0"/>
  <testcase classname="com.rms.automation.merge.SingleInputClass" name="executeSingleInputCsv" time="0.0"/>
  <testcase classname="com.rms.automation.merge.SingleInputClass" name="executeSingleInputCsv" time="0.0"/>
  <testcase classname="com.rms.automation.merge.SingleInputClass" name="executeSingleInputCsv" time="0.0"/>
  <testcase classname="com.rms.automation.merge.SingleInputClass" name="executeSingleInputCsv" time="0.0"/>
  <testcase classname="com.rms.automation.merge.SingleInputClass" name="executeSingleInputCsv" time="0.0"/>
  <testcase classname="com.rms.automation.merge.SingleInputClass" name="executeSingleInputCsv" time="0.0"/>
  <testcase classname="com.rms.automation.merge.SingleInputClass" name="executeSingleInputCsv" time="0.0"/>
  <testcase classname="com.rms.automation.merge.SingleInputClass" name="executeSingleInputCsv" time="0.0"/>
  <testcase classname="com.rms.automation.merge.SingleInputClass" name="executeSingleInputCsv" time="0.0"/>
  <testcase classname="com.rms.automation.merge.SingleInputClass" name="executeSingleInputCsv" time="0.0"/>
  <testcase classname="com.rms.automation.merge.SingleInputClass" name="executeSingleInputCsv" time="0.0"/>
  <testcase classname="com.rms.automation.merge.SingleInputClass" name="executeSingleInputCsv" time="0.0"/>
  <testcase classname="com.rms.automation.merge.SingleInputClass" name="executeSingleInputCsv" time="0.0"/>
  <testcase classname="com.rms.automation.merge.SingleInputClass" name="executeSingleInputCsv" time="0.0"/>
  <testcase classname="com.rms.automation.merge.SingleInputClass" name="executeSingleInputCsv" time="0.0"/>
  <testcase classname="com.rms.automation.merge.SingleInputClass" name="executeSingleInputCsv" time="0.0"/>
  <testcase classname="com.rms.automation.merge.SingleInputClass" name="executeSingleInputCsv" time="0.0"/>
  <testcase classname="com.rms.automation.merge.SingleInputClass" name="executeSingleInputCsv" time="0.0"/>
  <testcase classname="com.rms.automation.merge.SingleInputClass" name="executeSingleInputCsv" time="0.0"/>
  <testcase classname="com.rms.automation.merge.SingleInputClass" name="executeSingleInputCsv" time="0.0"/>
  <testcase classname="com.rms.automation.merge.SingleInputClass" name="executeSingleInputCsv" time="0.0"/>
  <testcase classname="com.rms.automation.merge.SingleInputClass" name="executeSingleInputCsv" time="0.0"/>
  <testcase classname="com.rms.automation.merge.SingleInputClass" name="executeSingleInputCsv" time="0.0"/>
  <testcase classname="com.rms.automation.merge.SingleInputClass" name="executeSingleInputCsv" time="0.0"/>
  <testcase classname="com.rms.automation.merge.SingleInputClass" name="executeSingleInputCsv" time="0.0"/>
  <testcase classname="com.rms.automation.merge.SingleInputClass" name="executeSingleInputCsv" time="0.0"/>
  <testcase classname="com.rms.automation.merge.SingleInputClass" name="executeSingleInputCsv" time="0.0"/>
  <testcase classname="com.rms.automation.merge.SingleInputClass" name="executeSingleInputCsv" time="0.0"/>
  <testcase classname="com.rms.automation.merge.SingleInputClass" name="executeSingleInputCsv" time="0.0"/>
  <testcase classname="com.rms.automation.merge.SingleInputClass" name="executeSingleInputCsv" time="0.0"/>
  <testcase classname="com.rms.automation.merge.SingleInputClass" name="executeSingleInputCsv" time="0.0"/>
  <testcase classname="com.rms.automation.merge.SingleInputClass" name="executeSingleInputCsv" time="0.0"/>
  <testcase classname="com.rms.automation.merge.SingleInputClass" name="executeSingleInputCsv" time="0.0"/>
  <testcase classname="com.rms.automation.merge.SingleInputClass" name="executeSingleInputCsv" time="0.0"/>
  <testcase classname="com.rms.automation.merge.SingleInputClass" name="executeSingleInputCsv" time="0.0"/>
  <testcase classname="com.rms.automation.merge.SingleInputClass" name="executeSingleInputCsv" time="0.0"/>
  <testcase classname="com.rms.automation.merge.SingleInputClass" name="executeSingleInputCsv" time="0.0"/>
  <testcase classname="com.rms.automation.merge.SingleInputClass" name="executeSingleInputCsv" time="0.0"/>
  <testcase classname="com.rms.automation.merge.SingleInputClass" name="executeSingleInputCsv" time="0.0"/>
  <testcase classname="com.rms.automation.merge.SingleInputClass" name="executeSingleInputCsv" time="0.0"/>
  <testcase classname="com.rms.automation.merge.SingleInputClass" name="executeSingleInputCsv" time="0.0"/>
  <testcase classname="com.rms.automation.merge.SingleInputClass" name="executeSingleInputCsv" time="0.0"/>
  <testcase classname="com.rms.automation.merge.SingleInputClass" name="executeSingleInputCsv" time="0.001"/>
  <testcase classname="com.rms.automation.merge.SingleInputClass" name="executeSingleInputCsv" time="0.0"/>
  <testcase classname="com.rms.automation.merge.SingleInputClass" name="executeSingleInputCsv" time="0.0"/>
  <testcase classname="com.rms.automation.merge.SingleInputClass" name="executeSingleInputCsv" time="0.0"/>
  <testcase classname="com.rms.automation.merge.SingleInputClass" name="executeSingleInputCsv" time="0.0"/>
  <testcase classname="com.rms.automation.merge.SingleInputClass" name="executeSingleInputCsv" time="0.0"/>
  <testcase classname="com.rms.automation.merge.SingleInputClass" name="executeSingleInputCsv" time="0.0"/>
  <testcase classname="com.rms.automation.merge.SingleInputClass" name="executeSingleInputCsv" time="0.0"/>
  <testcase classname="com.rms.automation.merge.SingleInputClass" name="executeSingleInputCsv" time="0.0"/>
  <testcase classname="com.rms.automation.merge.SingleInputClass" name="executeSingleInputCsv" time="0.0"/>
  <testcase classname="com.rms.automation.merge.SingleInputClass" name="executeSingleInputCsv" time="0.0"/>
  <testcase classname="com.rms.automation.merge.SingleInputClass" name="executeSingleInputCsv" time="0.0"/>
  <testcase classname="com.rms.automation.merge.SingleInputClass" name="executeSingleInputCsv" time="0.0"/>
  <testcase classname="com.rms.automation.merge.SingleInputClass" name="executeSingleInputCsv" time="0.0"/>
  <testcase classname="com.rms.automation.merge.SingleInputClass" name="executeSingleInputCsv" time="0.0"/>
  <testcase classname="com.rms.automation.merge.SingleInputClass" name="executeSingleInputCsv" time="0.0"/>
  <testcase classname="com.rms.automation.merge.SingleInputClass" name="executeSingleInputCsv" time="0.0"/>
  <testcase classname="com.rms.automation.merge.SingleInputClass" name="executeSingleInputCsv" time="0.0"/>
  <testcase classname="com.rms.automation.merge.SingleInputClass" name="executeSingleInputCsv" time="0.0"/>
  <testcase classname="com.rms.automation.merge.SingleInputClass" name="executeSingleInputCsv" time="0.0"/>
  <testcase classname="com.rms.automation.merge.SingleInputClass" name="executeSingleInputCsv" time="0.0"/>
  <testcase classname="com.rms.automation.merge.SingleInputClass" name="executeSingleInputCsv" time="0.0"/>
  <testcase classname="com.rms.automation.merge.SingleInputClass" name="executeSingleInputCsv" time="0.0"/>
  <testcase classname="com.rms.automation.merge.SingleInputClass" name="executeSingleInputCsv" time="0.0"/>
  <testcase classname="com.rms.automation.merge.SingleInputClass" name="executeSingleInputCsv" time="0.0"/>
  <testcase classname="com.rms.automation.merge.SingleInputClass" name="executeSingleInputCsv" time="0.0"/>
  <testcase classname="com.rms.automation.merge.SingleInputClass" name="executeSingleInputCsv" time="0.0"/>
  <testcase classname="com.rms.automation.merge.SingleInputClass" name="executeSingleInputCsv" time="0.0"/>
  <testcase classname="com.rms.automation.merge.SingleInputClass" name="executeSingleInputCsv" time="0.0"/>
  <testcase classname="com.rms.automation.merge.SingleInputClass" name="executeSingleInputCsv" time="0.0"/>
  <testcase classname="com.rms.automation.merge.SingleInputClass" name="executeSingleInputCsv" time="0.0"/>
  <testcase classname="com.rms.automation.merge.SingleInputClass" name="executeSingleInputCsv" time="0.0"/>
  <testcase classname="com.rms.automation.merge.SingleInputClass" name="executeSingleInputCsv" time="0.0"/>
  <testcase classname="com.rms.automation.merge.SingleInputClass" name="executeSingleInputCsv" time="0.0"/>
  <testcase classname="com.rms.automation.merge.SingleInputClass" name="executeSingleInputCsv" time="0.0"/>
  <testcase classname="com.rms.automation.merge.SingleInputClass" name="executeSingleInputCsv" time="0.0"/>
  <testcase classname="com.rms.automation.merge.SingleInputClass" name="executeSingleInputCsv" time="0.0"/>
  <testcase classname="com.rms.automation.merge.SingleInputClass" name="executeSingleInputCsv" time="0.0"/>
  <testcase classname="com.rms.automation.merge.SingleInputClass" name="executeSingleInputCsv" time="0.0"/>
  <testcase classname="com.rms.automation.merge.SingleInputClass" name="executeSingleInputCsv" time="0.0"/>
  <testcase classname="com.rms.automation.merge.SingleInputClass" name="executeSingleInputCsv" time="0.0"/>
  <testcase classname="com.rms.automation.merge.SingleInputClass" name="executeSingleInputCsv" time="0.0"/>
  <testcase classname="automation.Test1" name="Testf" time="0.0"/>
</testsuite> <!-- Test -->
