<?xml version="1.0" encoding="UTF-8"?>
<testng-results ignored="0" total="1" passed="0" failed="1" skipped="0">
  <reporter-output>
  </reporter-output>
  <suite started-at="2024-07-11T21:37:29 PDT" name="Suite" finished-at="2024-07-11T21:37:31 PDT" duration-ms="1868">
    <groups>
    </groups>
    <test started-at="2024-07-11T21:37:29 PDT" name="Test" finished-at="2024-07-11T21:37:31 PDT" duration-ms="1868">
      <class name="com.rms.automation.grouping.AnalysisGroupingTests">
        <test-method signature="execute()[pri:0, instance:com.rms.automation.grouping.AnalysisGroupingTests@152aa092]" started-at="2024-07-11T21:37:29 PDT" name="execute" finished-at="2024-07-11T21:37:31 PDT" duration-ms="1857" status="FAIL">
          <exception class="java.lang.Exception">
            <message>
              <![CDATA[Auth api failed to generate token HTTP/1.1 401 Unauthorized with status code401]]>
            </message>
            <full-stacktrace>
              <![CDATA[java.lang.Exception: Auth api failed to generate token HTTP/1.1 401 Unauthorized with status code401
at com.rms.automation.edm.ApiUtil.getSmlToken(ApiUtil.java:67)
at com.rms.automation.edm.ApiUtil.getSmlToken(ApiUtil.java:49)
at com.rms.automation.grouping.AnalysisGroupingTests.runGrouping(AnalysisGroupingTests.java:74)
at com.rms.automation.grouping.AnalysisGroupingTests.execute(AnalysisGroupingTests.java:64)
at java.base/jdk.internal.reflect.NativeMethodAccessorImpl.invoke0(Native Method)
at java.base/jdk.internal.reflect.NativeMethodAccessorImpl.invoke(NativeMethodAccessorImpl.java:62)
at java.base/jdk.internal.reflect.DelegatingMethodAccessorImpl.invoke(DelegatingMethodAccessorImpl.java:43)
at java.base/java.lang.reflect.Method.invoke(Method.java:566)
at org.testng.internal.invokers.MethodInvocationHelper.invokeMethod(MethodInvocationHelper.java:136)
at org.testng.internal.invokers.TestInvoker.invokeMethod(TestInvoker.java:658)
at org.testng.internal.invokers.TestInvoker.invokeTestMethod(TestInvoker.java:219)
at org.testng.internal.invokers.MethodRunner.runInSequence(MethodRunner.java:50)
at org.testng.internal.invokers.TestInvoker$MethodInvocationAgent.invoke(TestInvoker.java:923)
at org.testng.internal.invokers.TestInvoker.invokeTestMethods(TestInvoker.java:192)
at org.testng.internal.invokers.TestMethodWorker.invokeTestMethods(TestMethodWorker.java:146)
at org.testng.internal.invokers.TestMethodWorker.run(TestMethodWorker.java:128)
at java.base/java.util.ArrayList.forEach(ArrayList.java:1541)
at org.testng.TestRunner.privateRun(TestRunner.java:808)
at org.testng.TestRunner.run(TestRunner.java:603)
at org.testng.SuiteRunner.runTest(SuiteRunner.java:429)
at org.testng.SuiteRunner.runSequentially(SuiteRunner.java:423)
at org.testng.SuiteRunner.privateRun(SuiteRunner.java:383)
at org.testng.SuiteRunner.run(SuiteRunner.java:326)
at org.testng.SuiteRunnerWorker.runSuite(SuiteRunnerWorker.java:52)
at org.testng.SuiteRunnerWorker.run(SuiteRunnerWorker.java:95)
at org.testng.TestNG.runSuitesSequentially(TestNG.java:1249)
at org.testng.TestNG.runSuitesLocally(TestNG.java:1169)
at org.testng.TestNG.runSuites(TestNG.java:1092)
at org.testng.TestNG.run(TestNG.java:1060)
at com.rms.automation.Main.main(Main.java:38)
]]>
            </full-stacktrace>
          </exception> <!-- java.lang.Exception -->
          <reporter-output>
          </reporter-output>
        </test-method> <!-- execute -->
      </class> <!-- com.rms.automation.grouping.AnalysisGroupingTests -->
    </test> <!-- Test -->
  </suite> <!-- Suite -->
</testng-results>
